TN:
SF:vite.client.config.ts
FN:1,(empty-report)
FNF:1
FNH:0
FNDA:0,(empty-report)
DA:1,0
DA:2,0
DA:3,0
DA:4,0
DA:6,0
DA:8,0
DA:9,0
DA:10,0
DA:11,0
DA:12,0
DA:13,0
DA:14,0
DA:15,0
DA:16,0
DA:17,0
DA:18,0
DA:19,0
DA:20,0
DA:21,0
DA:22,0
DA:23,0
DA:24,0
DA:25,0
DA:26,0
DA:27,0
DA:28,0
DA:29,0
DA:30,0
DA:31,0
DA:32,0
DA:33,0
DA:34,0
DA:35,0
DA:36,0
DA:37,0
DA:38,0
DA:39,0
DA:40,0
DA:41,0
LF:39
LH:0
BRDA:1,0,0,0
BRF:1
BRH:0
end_of_record
TN:
SF:src/client.ts
FNF:0
FNH:0
DA:1,1
DA:2,1
DA:3,1
DA:4,1
LF:4
LH:4
BRF:0
BRH:0
end_of_record
TN:
SF:src/index.ts
FNF:0
FNH:0
DA:1,1
DA:2,1
DA:3,1
DA:4,1
DA:5,1
DA:6,1
DA:7,1
DA:8,1
DA:9,1
DA:10,1
LF:10
LH:10
BRF:0
BRH:0
end_of_record
TN:
SF:src/renderClient.ts
FN:22,renderClient
FNF:1
FNH:1
FNDA:11,renderClient
DA:1,1
DA:2,1
DA:3,1
DA:22,11
DA:23,11
DA:24,11
DA:25,11
DA:26,11
DA:27,11
DA:28,11
DA:29,10
DA:30,3
DA:31,11
DA:32,3
DA:33,3
DA:34,3
DA:35,3
DA:37,8
DA:38,8
DA:39,7
DA:40,2
DA:41,2
DA:42,11
DA:43,1
DA:44,1
DA:45,1
DA:46,1
DA:48,10
DA:49,11
DA:50,1
DA:51,1
DA:52,1
DA:53,1
DA:54,1
DA:56,6
DA:57,6
DA:59,10
DA:60,2
DA:61,4
DA:62,4
DA:63,4
DA:64,4
DA:66,6
DA:68,6
DA:69,6
DA:70,6
DA:71,6
DA:72,11
DA:73,11
DA:74,11
DA:75,11
DA:76,11
DA:77,11
LF:53
LH:53
BRDA:22,0,0,11
BRDA:28,1,0,10
BRDA:29,2,0,3
BRDA:31,3,0,10
BRDA:31,4,0,3
BRDA:35,5,0,8
BRDA:38,6,0,7
BRDA:39,7,0,2
BRDA:40,8,0,2
BRDA:42,9,0,10
BRDA:42,10,0,1
BRDA:46,11,0,7
BRDA:48,12,0,6
BRDA:49,13,0,10
BRDA:49,14,0,1
BRDA:54,15,0,6
BRDA:59,16,0,4
BRDA:59,17,0,2
BRDA:64,18,0,6
BRDA:72,19,0,2
BRDA:73,20,0,6
BRDA:74,21,0,6
BRDA:75,22,0,6
BRF:23
BRH:23
end_of_record
TN:
SF:src/renderServer.ts
FN:7,renderServer
FNF:1
FNH:1
FNDA:99,renderServer
DA:1,1
DA:2,1
DA:3,1
DA:4,1
DA:7,99
DA:8,99
DA:9,99
DA:10,99
DA:11,99
DA:12,99
DA:13,99
DA:14,99
DA:16,99
DA:17,99
DA:18,99
DA:19,99
DA:20,99
DA:21,99
DA:22,99
DA:23,99
DA:24,99
DA:25,99
LF:22
LH:22
BRDA:7,0,0,99
BRDA:12,1,0,34
BRDA:13,2,0,34
BRDA:13,3,0,88
BRDA:14,4,0,34
BRDA:19,5,0,63
BRDA:19,6,0,5
BRDA:20,7,0,46
BRDA:20,8,0,22
BRDA:22,9,0,34
BRDA:23,10,0,34
BRF:11
BRH:11
end_of_record
TN:
SF:src/types.ts
FN:1,(empty-report)
FNF:1
FNH:1
FNDA:1,(empty-report)
LF:0
LH:0
BRDA:1,0,0,1
BRF:1
BRH:1
end_of_record
TN:
SF:src/build/build.ts
FN:11,isHyogenError
FN:20,resolveBuildRoot
FN:39,build
FNF:3
FNH:3
FNDA:1,isHyogenError
FNDA:11,resolveBuildRoot
FNDA:11,build
DA:1,1
DA:2,1
DA:3,1
DA:4,1
DA:5,1
DA:6,1
DA:8,1
DA:9,1
DA:11,1
DA:12,1
DA:13,1
DA:14,1
DA:15,0
DA:16,0
DA:18,1
DA:20,11
DA:21,11
DA:22,11
DA:23,11
DA:24,11
DA:25,11
DA:26,11
DA:27,0
DA:28,0
DA:29,0
DA:30,0
DA:31,0
DA:32,0
DA:33,0
DA:34,0
DA:35,0
DA:36,0
DA:37,0
DA:39,11
DA:40,11
DA:41,11
DA:42,11
DA:43,11
DA:45,11
DA:46,11
DA:47,11
DA:49,11
DA:50,11
DA:51,11
DA:52,11
DA:53,11
DA:54,9
DA:56,9
DA:57,9
DA:59,11
DA:60,11
DA:61,11
DA:62,11
DA:63,11
DA:65,11
DA:66,11
DA:67,11
DA:68,11
DA:69,11
DA:70,11
DA:71,11
DA:72,11
DA:73,11
DA:74,11
DA:75,11
DA:77,11
DA:78,11
DA:79,11
DA:80,10
DA:81,11
DA:82,1
DA:83,0
DA:84,0
DA:85,1
DA:86,1
DA:87,1
DA:88,1
DA:89,1
DA:90,1
DA:91,1
DA:92,1
DA:93,1
DA:94,1
DA:95,1
DA:97,10
DA:98,10
DA:99,10
DA:101,8
DA:102,8
LF:89
LH:74
BRDA:11,0,0,1
BRDA:14,1,0,0
BRDA:15,2,0,0
BRDA:20,3,0,11
BRDA:26,4,0,0
BRDA:39,5,0,11
BRDA:53,6,0,9
BRDA:59,7,0,11
BRDA:79,8,0,10
BRDA:81,9,0,1
BRDA:82,10,0,0
BRDA:86,11,0,0
BRDA:95,12,0,10
BRDA:99,13,0,8
BRF:14
BRH:9
end_of_record
TN:
SF:src/build/buildDependencyGraph.ts
FN:25,resolveDepPath
FN:46,buildDependencyGraph
FNF:2
FNH:2
FNDA:13,resolveDepPath
FNDA:15,buildDependencyGraph
DA:1,1
DA:2,1
DA:3,1
DA:5,1
DA:25,13
DA:26,13
DA:27,13
DA:28,13
DA:29,13
DA:30,13
DA:31,0
DA:32,0
DA:33,13
DA:34,13
DA:35,13
DA:36,13
DA:37,13
DA:38,13
DA:39,13
DA:40,13
DA:46,15
DA:47,15
DA:48,15
DA:49,15
DA:50,15
DA:51,15
DA:52,17
DA:53,15
DA:54,15
DA:55,15
DA:56,15
DA:57,15
DA:59,15
DA:60,30
DA:61,30
DA:62,0
DA:63,0
DA:64,30
DA:66,30
DA:67,28
DA:69,30
DA:70,13
DA:71,13
DA:72,13
DA:73,13
DA:74,13
DA:75,13
DA:76,27
DA:78,12
DA:79,12
DA:81,12
DA:82,12
DA:83,12
DA:84,12
DA:85,12
DA:86,12
DA:87,12
LF:57
LH:53
BRDA:25,0,0,13
BRDA:30,1,0,0
BRDA:46,2,0,15
BRDA:59,3,0,30
BRDA:61,4,0,0
BRDA:66,5,0,28
BRDA:69,6,0,13
BRDA:75,7,0,27
BRDA:76,8,0,12
BRDA:51,9,0,17
BRDA:52,10,0,0
BRDA:79,11,0,25
BRF:12
BRH:9
end_of_record
TN:
SF:src/build/collectDependencies.ts
FN:27,collectDependencies
FNF:1
FNH:1
FNDA:35,collectDependencies
DA:1,1
DA:2,1
DA:6,1
DA:7,1
DA:10,1
DA:11,1
DA:12,1
DA:17,1
DA:27,1
DA:28,35
DA:29,35
DA:30,35
DA:31,35
DA:32,0
DA:33,0
DA:34,0
DA:35,0
DA:36,0
DA:37,0
DA:38,0
DA:39,0
DA:40,0
DA:41,0
DA:43,35
DA:44,35
DA:46,35
DA:47,37
DA:48,37
DA:49,0
DA:50,0
DA:51,0
DA:52,0
DA:53,0
DA:54,0
DA:56,37
DA:57,2
DA:58,2
DA:60,35
DA:61,35
DA:62,35
DA:63,37
DA:64,1
DA:65,1
DA:67,34
DA:69,37
DA:70,10
DA:71,10
DA:73,24
DA:74,37
DA:75,5
DA:76,5
DA:77,5
DA:79,37
DA:81,0
DA:82,0
DA:83,0
DA:84,0
DA:85,0
DA:86,0
DA:87,0
DA:88,0
DA:89,0
DA:90,0
DA:91,0
DA:92,0
DA:93,0
DA:94,0
DA:95,0
DA:96,0
DA:97,0
DA:98,0
DA:100,37
DA:101,12
DA:102,12
DA:103,12
DA:104,12
DA:106,30
DA:107,5
DA:108,5
DA:109,5
DA:110,5
DA:112,2
DA:113,2
DA:114,2
DA:115,2
DA:116,2
DA:117,2
DA:119,33
DA:120,33
LF:89
LH:55
BRDA:27,0,0,35
BRDA:31,1,0,0
BRDA:46,2,0,37
BRDA:48,3,0,0
BRDA:56,4,0,2
BRDA:58,5,0,35
BRDA:62,6,0,34
BRDA:63,7,0,1
BRDA:65,8,0,34
BRDA:69,9,0,29
BRDA:69,10,0,33
BRDA:69,11,0,10
BRDA:71,12,0,24
BRDA:74,13,0,5
BRDA:77,14,0,19
BRDA:79,15,0,0
BRDA:98,16,0,19
BRDA:100,17,0,30
BRDA:100,18,0,12
BRDA:104,19,0,7
BRDA:106,20,0,5
BRDA:110,21,0,2
BRDA:117,22,0,33
BRF:23
BRH:20
end_of_record
TN:
SF:src/build/collectEntryPaths.ts
FN:15,isGlobPattern
FN:19,resolveCwd
FN:34,collectEntryPaths
FNF:3
FNH:3
FNDA:19,isGlobPattern
FNDA:19,resolveCwd
FNDA:19,collectEntryPaths
DA:1,1
DA:2,1
DA:3,1
DA:4,1
DA:5,1
DA:6,1
DA:7,1
DA:15,19
DA:16,19
DA:17,19
DA:19,19
DA:20,19
DA:21,19
DA:22,19
DA:23,0
DA:24,0
DA:25,0
DA:26,0
DA:27,0
DA:28,19
DA:34,19
DA:35,19
DA:36,19
DA:37,19
DA:38,19
DA:39,19
DA:40,19
DA:43,19
DA:45,19
DA:46,19
DA:47,12
DA:48,0
DA:49,12
DA:51,12
DA:52,12
DA:53,12
DA:54,0
DA:55,0
DA:56,0
DA:57,0
DA:58,0
DA:59,0
DA:60,0
DA:61,0
DA:62,0
DA:63,0
DA:64,12
DA:65,1
DA:66,1
DA:67,1
DA:68,1
DA:69,1
DA:70,0
DA:71,0
DA:72,1
DA:73,1
DA:74,1
DA:75,1
DA:76,1
DA:77,1
DA:78,1
DA:79,1
DA:80,1
DA:81,1
DA:82,1
DA:83,1
DA:84,0
DA:85,0
DA:88,11
DA:89,11
DA:90,11
DA:91,11
DA:93,7
DA:94,7
DA:95,7
DA:96,7
DA:97,7
DA:98,7
DA:100,18
DA:101,14
DA:102,14
DA:103,1
DA:104,1
DA:105,13
DA:106,13
DA:107,7
DA:109,18
DA:110,18
LF:88
LH:68
BRDA:15,0,0,19
BRDA:19,1,0,19
BRDA:22,2,0,0
BRDA:34,3,0,19
BRDA:38,4,0,9
BRDA:38,5,0,10
BRDA:46,6,0,12
BRDA:47,7,0,0
BRDA:52,8,0,11
BRDA:53,9,0,0
BRDA:64,10,0,1
BRDA:69,11,0,0
BRDA:83,12,0,0
BRDA:85,13,0,11
BRDA:91,14,0,18
BRDA:91,15,0,7
BRDA:100,16,0,14
BRDA:102,17,0,11
BRDA:102,18,0,1
BRDA:104,19,0,13
BRDA:106,20,0,7
BRF:21
BRH:16
end_of_record
TN:
SF:src/build/isUnderscorePartial.ts
FN:4,isUnderscorePartial
FNF:1
FNH:1
FNDA:16,isUnderscorePartial
DA:4,1
DA:5,16
DA:6,16
DA:7,16
DA:8,16
LF:5
LH:5
BRDA:4,0,0,16
BRDA:6,1,0,32
BRDA:7,2,0,30
BRF:3
BRH:3
end_of_record
TN:
SF:src/component/ComponentRegistry.ts
FN:9,<instance_members_initializer>
FN:12,register
FN:36,get
FN:40,has
FNF:4
FNH:4
FNDA:133,<instance_members_initializer>
FNDA:22,register
FNDA:20,get
FNDA:18,has
DA:1,1
DA:9,1
DA:10,133
DA:12,133
DA:13,22
DA:14,22
DA:15,22
DA:16,22
DA:17,22
DA:18,2
DA:19,2
DA:20,2
DA:21,2
DA:22,2
DA:23,2
DA:25,22
DA:26,1
DA:27,1
DA:28,1
DA:29,1
DA:30,1
DA:31,1
DA:33,19
DA:34,22
DA:36,133
DA:37,20
DA:38,20
DA:40,133
DA:41,18
DA:42,18
DA:43,133
LF:31
LH:31
BRDA:9,0,0,133
BRDA:12,1,0,22
BRDA:17,2,0,2
BRDA:20,3,0,1
BRDA:23,4,0,20
BRDA:25,5,0,1
BRDA:31,6,0,19
BRDA:36,7,0,20
BRDA:40,8,0,18
BRF:9
BRH:9
end_of_record
TN:
SF:src/component/parsePropsContract.ts
FN:25,parsePropsContract
FN:76,inferPropType
FN:88,matchesPropType
FNF:3
FNH:2
FNDA:21,parsePropsContract
FNDA:0,inferPropType
FNDA:22,matchesPropType
DA:1,1
DA:17,1
DA:18,1
DA:19,1
DA:20,1
DA:21,1
DA:22,1
DA:23,1
DA:25,1
DA:26,21
DA:27,21
DA:28,21
DA:29,21
DA:30,21
DA:31,7
DA:32,7
DA:34,21
DA:35,1
DA:36,1
DA:37,1
DA:38,1
DA:39,1
DA:40,1
DA:42,13
DA:44,15
DA:45,19
DA:46,0
DA:47,0
DA:48,0
DA:50,19
DA:51,19
DA:53,19
DA:54,19
DA:55,19
DA:56,0
DA:57,19
DA:58,19
DA:59,19
DA:60,19
DA:62,19
DA:63,4
DA:64,4
DA:66,19
DA:67,0
DA:68,0
DA:70,19
DA:71,19
DA:73,13
DA:74,13
DA:76,1
DA:77,0
DA:78,0
DA:79,0
DA:80,0
DA:81,0
DA:82,0
DA:83,0
DA:84,0
DA:85,0
DA:86,0
DA:88,1
DA:89,22
DA:90,22
DA:91,0
DA:92,0
DA:93,22
DA:94,22
LF:67
LH:49
BRDA:25,0,0,21
BRDA:30,1,0,7
BRDA:32,2,0,14
BRDA:34,3,0,14
BRDA:34,4,0,19
BRDA:34,5,0,17
BRDA:34,6,0,1
BRDA:40,7,0,15
BRDA:40,8,0,13
BRDA:44,9,0,19
BRDA:45,10,0,0
BRDA:55,11,0,0
BRDA:62,12,0,4
BRDA:66,13,0,0
BRDA:71,14,0,13
BRDA:88,15,0,22
BRDA:89,16,0,0
BRDA:90,17,0,0
BRF:18
BRH:13
end_of_record
TN:
SF:src/component/renderComponent.ts
FN:27,renderComponent
FNF:1
FNH:1
FNDA:18,renderComponent
DA:1,1
DA:2,1
DA:3,1
DA:5,1
DA:6,1
DA:7,1
DA:8,1
DA:9,1
DA:27,18
DA:28,18
DA:29,18
DA:30,18
DA:31,18
DA:32,0
DA:33,0
DA:34,0
DA:35,0
DA:36,0
DA:37,0
DA:38,0
DA:39,0
DA:41,18
DA:42,1
DA:43,17
DA:44,17
DA:45,17
DA:46,17
DA:47,17
DA:48,17
DA:49,17
DA:51,18
DA:52,18
DA:53,18
DA:54,18
DA:55,18
DA:56,18
DA:57,18
DA:58,18
DA:59,18
DA:61,18
DA:62,18
DA:63,18
DA:64,18
DA:65,18
DA:66,18
DA:68,18
DA:69,18
DA:70,18
DA:71,18
DA:72,18
DA:73,18
DA:74,18
DA:75,18
DA:76,18
DA:77,18
DA:78,18
DA:79,18
DA:80,18
DA:82,18
DA:83,18
DA:84,3
DA:85,3
DA:86,3
DA:87,3
DA:88,3
DA:89,3
DA:91,15
DA:92,15
LF:68
LH:60
BRDA:27,0,0,18
BRDA:31,1,0,0
BRDA:41,2,0,1
BRDA:42,3,0,17
BRDA:83,4,0,17
BRDA:83,5,0,3
BRDA:89,6,0,15
BRF:7
BRH:6
end_of_record
TN:
SF:src/component/validateProps.ts
FN:14,createWarning
FN:25,validateProps
FNF:2
FNH:2
FNDA:6,createWarning
FNDA:24,validateProps
DA:1,1
DA:3,1
DA:14,6
DA:15,6
DA:16,6
DA:17,6
DA:18,6
DA:19,6
DA:20,6
DA:21,6
DA:22,6
DA:23,6
DA:25,1
DA:26,24
DA:27,24
DA:28,24
DA:29,24
DA:30,24
DA:31,24
DA:32,24
DA:34,24
DA:35,24
DA:36,24
DA:38,24
DA:39,2
DA:40,1
DA:41,1
DA:42,1
DA:43,1
DA:44,1
DA:45,1
DA:46,1
DA:47,1
DA:48,1
DA:49,1
DA:50,0
DA:51,0
DA:52,2
DA:54,24
DA:55,22
DA:56,22
DA:57,3
DA:58,3
DA:59,3
DA:60,3
DA:61,3
DA:62,3
DA:63,3
DA:64,3
DA:65,3
DA:66,3
DA:67,22
DA:69,24
DA:70,24
DA:72,24
DA:73,27
DA:74,5
DA:75,2
DA:76,2
DA:77,2
DA:78,2
DA:79,2
DA:80,2
DA:81,3
DA:82,3
DA:83,3
DA:84,5
DA:85,27
DA:87,24
DA:88,24
LF:70
LH:68
BRDA:14,0,0,6
BRDA:25,1,0,24
BRDA:34,2,0,24
BRDA:36,3,0,22
BRDA:36,4,0,2
BRDA:38,5,0,2
BRDA:39,6,0,1
BRDA:49,7,0,0
BRDA:54,8,0,22
BRDA:54,9,0,22
BRDA:54,10,0,22
BRDA:55,11,0,0
BRDA:56,12,0,3
BRDA:72,13,0,27
BRDA:73,14,0,5
BRDA:74,15,0,3
BRDA:74,16,0,2
BRF:17
BRH:15
end_of_record
TN:
SF:src/context/mergeContext.ts
FN:4,mergeContext
FNF:1
FNH:1
FNDA:746,mergeContext
DA:4,1
DA:5,746
DA:7,746
DA:8,1387
DA:9,197
DA:10,197
DA:11,1190
DA:12,1190
DA:14,746
DA:15,746
LF:10
LH:10
BRDA:4,0,0,746
BRDA:7,1,0,1387
BRDA:8,2,0,197
BRDA:10,3,0,1190
BRF:4
BRH:4
end_of_record
TN:
SF:src/control/StructureNestTracker.ts
FN:7,<instance_members_initializer>
FN:10,get currentDepth
FN:14,enter
FN:22,exit
FNF:4
FNH:4
FNDA:172,<instance_members_initializer>
FNDA:4,get currentDepth
FNDA:181,enter
FNDA:136,exit
DA:1,1
DA:7,1
DA:8,172
DA:10,172
DA:11,4
DA:12,4
DA:14,172
DA:15,181
DA:16,5
DA:17,5
DA:18,176
DA:19,176
DA:20,181
DA:22,172
DA:23,136
DA:24,136
DA:25,136
DA:26,136
DA:27,172
LF:19
LH:19
BRDA:7,0,0,172
BRDA:10,1,0,4
BRDA:14,2,0,181
BRDA:15,3,0,5
BRDA:17,4,0,176
BRDA:22,5,0,136
BRF:6
BRH:6
end_of_record
TN:
SF:src/control/expandControlStructures.ts
FN:8,isTruthy
FN:12,isIterable
FN:21,createNestLimitWarning
FN:31,chompLeadingNewline
FN:35,expandControlStructures
FN:46,expandNodes
FN:69,expandNode
FN:87,expandIf
FN:139,expandEach
FN:196,expandControlStructuresOrThrow
FNF:10
FNH:9
FNDA:118,isTruthy
FNDA:18,isIterable
FNDA:4,createNestLimitWarning
FNDA:274,chompLeadingNewline
FNDA:171,expandControlStructures
FNDA:322,expandNodes
FNDA:565,expandNode
FNDA:121,expandIf
FNDA:18,expandEach
FNDA:0,expandControlStructuresOrThrow
DA:1,1
DA:2,1
DA:3,1
DA:5,1
DA:6,1
DA:8,118
DA:9,118
DA:10,118
DA:12,18
DA:13,18
DA:14,18
DA:15,17
DA:16,17
DA:17,17
DA:19,18
DA:21,4
DA:22,4
DA:23,4
DA:24,4
DA:25,4
DA:26,4
DA:27,4
DA:28,4
DA:31,274
DA:32,274
DA:33,274
DA:35,171
DA:36,171
DA:37,171
DA:38,171
DA:39,171
DA:40,171
DA:41,171
DA:42,171
DA:43,171
DA:44,171
DA:46,322
DA:47,322
DA:48,322
DA:49,322
DA:50,322
DA:51,322
DA:52,322
DA:53,322
DA:54,322
DA:56,322
DA:57,565
DA:58,565
DA:59,125
DA:60,125
DA:61,564
DA:62,564
DA:63,565
DA:64,565
DA:66,321
DA:67,321
DA:69,565
DA:70,565
DA:71,565
DA:72,565
DA:73,565
DA:74,565
DA:75,565
DA:76,565
DA:77,426
DA:78,565
DA:79,121
DA:80,565
DA:81,18
DA:82,565
DA:83,0
DA:84,565
DA:85,565
DA:87,121
DA:88,121
DA:89,121
DA:90,121
DA:91,121
DA:92,121
DA:93,121
DA:94,121
DA:95,4
DA:96,4
DA:97,4
DA:99,117
DA:100,117
DA:102,119
DA:103,120
DA:104,120
DA:105,1
DA:106,1
DA:107,1
DA:108,119
DA:109,120
DA:110,113
DA:111,113
DA:112,113
DA:113,120
DA:115,116
DA:116,116
DA:117,120
DA:118,127
DA:119,127
DA:120,3
DA:121,3
DA:122,127
DA:123,114
DA:124,114
DA:125,112
DA:126,112
DA:127,114
DA:128,114
DA:129,127
DA:130,121
DA:131,2
DA:132,2
DA:133,116
DA:134,118
DA:135,117
DA:136,117
DA:137,121
DA:139,18
DA:140,18
DA:141,18
DA:142,18
DA:143,18
DA:144,18
DA:145,18
DA:146,18
DA:147,0
DA:148,0
DA:149,0
DA:151,18
DA:152,18
DA:153,18
DA:154,1
DA:155,1
DA:157,17
DA:158,17
DA:159,18
DA:160,39
DA:161,39
DA:162,2
DA:163,2
DA:164,39
DA:165,39
DA:166,39
DA:167,39
DA:168,39
DA:169,37
DA:170,37
DA:172,39
DA:173,39
DA:174,39
DA:175,39
DA:176,39
DA:177,39
DA:178,39
DA:179,39
DA:180,39
DA:181,39
DA:182,39
DA:184,39
DA:185,39
DA:186,2
DA:187,2
DA:188,39
DA:190,17
DA:191,18
DA:192,18
DA:193,18
DA:194,18
DA:196,0
DA:197,0
DA:198,0
DA:199,0
DA:200,0
DA:201,0
DA:202,0
DA:203,0
DA:204,0
DA:205,0
DA:206,0
DA:207,0
DA:208,0
DA:209,0
DA:210,0
DA:211,0
DA:212,0
LF:189
LH:168
BRDA:8,0,0,118
BRDA:12,1,0,18
BRDA:14,2,0,17
BRDA:15,3,0,17
BRDA:21,4,0,4
BRDA:31,5,0,274
BRDA:32,6,0,265
BRDA:32,7,0,9
BRDA:35,8,0,171
BRDA:40,9,0,11
BRDA:46,10,0,322
BRDA:56,11,0,565
BRDA:57,12,0,564
BRDA:58,13,0,125
BRDA:60,14,0,564
BRDA:63,15,0,555
BRDA:63,16,0,437
BRDA:64,17,0,321
BRDA:69,18,0,565
BRDA:76,19,0,426
BRDA:78,20,0,121
BRDA:80,21,0,18
BRDA:82,22,0,0
BRDA:87,23,0,121
BRDA:94,24,0,4
BRDA:97,25,0,120
BRDA:97,26,0,119
BRDA:97,27,0,117
BRDA:102,28,0,120
BRDA:104,29,0,1
BRDA:107,30,0,119
BRDA:108,31,0,118
BRDA:109,32,0,113
BRDA:113,33,0,116
BRDA:117,34,0,127
BRDA:119,35,0,3
BRDA:122,36,0,114
BRDA:124,37,0,112
BRDA:129,38,0,116
BRDA:130,39,0,2
BRDA:132,40,0,118
BRDA:132,41,0,116
BRDA:134,42,0,117
BRDA:139,43,0,18
BRDA:146,44,0,0
BRDA:153,45,0,1
BRDA:155,46,0,17
BRDA:159,47,0,39
BRDA:161,48,0,2
BRDA:168,49,0,37
BRDA:179,50,0,9
BRDA:185,51,0,2
BRDA:188,52,0,17
BRF:53
BRH:51
end_of_record
TN:
SF:src/control/parseControlOpener.ts
FN:6,parseError
FN:14,parseControlOpener
FNF:2
FNH:2
FNDA:3,parseError
FNDA:314,parseControlOpener
DA:1,1
DA:2,1
DA:4,1
DA:6,3
DA:7,3
DA:8,3
DA:9,3
DA:10,3
DA:11,3
DA:12,3
DA:14,1
DA:15,314
DA:16,314
DA:17,314
DA:18,314
DA:19,314
DA:20,314
DA:21,10
DA:22,10
DA:24,314
DA:25,314
DA:26,0
DA:27,0
DA:29,314
DA:31,314
DA:32,2
DA:33,2
DA:35,314
DA:36,0
DA:37,0
DA:39,313
DA:40,0
DA:41,0
DA:43,313
DA:44,12
DA:45,12
DA:47,313
DA:48,125
DA:49,125
DA:51,313
DA:52,21
DA:53,21
DA:55,314
DA:56,1
DA:57,1
DA:59,153
DA:60,313
DA:61,4
DA:62,4
DA:63,4
DA:64,4
DA:65,4
DA:67,149
DA:68,292
DA:69,127
DA:70,127
DA:71,127
DA:72,127
DA:73,127
DA:75,22
DA:76,42
DA:77,20
DA:78,20
DA:79,20
DA:80,20
DA:81,20
DA:82,20
DA:84,24
DA:85,1
DA:86,1
DA:88,1
DA:89,1
DA:90,1
DA:92,0
DA:93,0
LF:75
LH:67
BRDA:6,0,0,3
BRDA:14,1,0,314
BRDA:20,2,0,10
BRDA:25,3,0,0
BRDA:31,4,0,312
BRDA:31,5,0,2
BRDA:33,6,0,312
BRDA:35,7,0,313
BRDA:35,8,0,0
BRDA:37,9,0,312
BRDA:39,10,0,0
BRDA:41,11,0,312
BRDA:43,12,0,12
BRDA:45,13,0,300
BRDA:47,14,0,292
BRDA:47,15,0,125
BRDA:49,16,0,175
BRDA:51,17,0,311
BRDA:51,18,0,21
BRDA:53,19,0,166
BRDA:53,20,0,154
BRDA:55,21,0,153
BRDA:55,22,0,153
BRDA:55,23,0,313
BRDA:55,24,0,1
BRDA:57,25,0,153
BRDA:60,26,0,4
BRDA:65,27,0,292
BRDA:65,28,0,149
BRDA:68,29,0,127
BRDA:73,30,0,271
BRDA:73,31,0,42
BRDA:73,32,0,22
BRDA:76,33,0,20
BRDA:82,34,0,24
BRDA:82,35,0,2
BRDA:84,36,0,1
BRDA:90,37,0,0
BRF:38
BRH:34
end_of_record
TN:
SF:src/control/parseControlStructures.ts
FN:13,span
FN:17,parseError
FN:25,collectControlEntries
FN:43,isOpener
FN:47,parseControlStructures
FN:73,parseNodes
FN:142,parseIfStructure
FN:259,parseEachStructure
FNF:8
FNH:8
FNDA:300,span
FNDA:6,parseError
FNDA:179,collectControlEntries
FNDA:2219,isOpener
FNDA:179,parseControlStructures
FNDA:201,parseNodes
FNDA:126,parseIfStructure
FNDA:19,parseEachStructure
DA:1,1
DA:3,1
DA:4,1
DA:13,300
DA:14,300
DA:15,300
DA:17,6
DA:18,6
DA:19,6
DA:20,6
DA:21,6
DA:22,6
DA:23,6
DA:25,179
DA:26,179
DA:28,179
DA:29,304
DA:30,304
DA:31,303
DA:32,303
DA:33,303
DA:34,303
DA:35,303
DA:36,303
DA:37,303
DA:38,304
DA:40,179
DA:41,179
DA:43,2219
DA:44,2219
DA:45,2219
DA:47,1
DA:48,179
DA:49,179
DA:50,179
DA:51,179
DA:52,179
DA:53,133
DA:54,133
DA:56,46
DA:57,93
DA:58,0
DA:59,0
DA:60,0
DA:61,0
DA:62,0
DA:63,0
DA:64,0
DA:65,0
DA:66,0
DA:67,0
DA:68,0
DA:70,40
DA:71,40
DA:73,201
DA:74,201
DA:75,201
DA:76,201
DA:77,201
DA:78,201
DA:79,201
DA:80,201
DA:81,201
DA:82,201
DA:83,201
DA:84,201
DA:85,201
DA:87,201
DA:88,164
DA:90,164
DA:91,0
DA:92,0
DA:94,164
DA:95,16
DA:96,16
DA:97,16
DA:99,162
DA:100,121
DA:101,121
DA:102,121
DA:103,121
DA:104,121
DA:106,162
DA:107,126
DA:108,126
DA:109,126
DA:110,126
DA:111,126
DA:112,126
DA:114,160
DA:115,19
DA:116,19
DA:117,19
DA:118,19
DA:119,19
DA:120,19
DA:122,164
DA:123,1
DA:124,1
DA:125,11
DA:126,1
DA:127,1
DA:128,1
DA:129,1
DA:130,1
DA:132,0
DA:133,0
DA:135,199
DA:136,176
DA:137,176
DA:139,195
DA:140,195
DA:142,126
DA:143,126
DA:144,126
DA:145,126
DA:146,126
DA:147,126
DA:148,126
DA:149,126
DA:150,126
DA:151,0
DA:152,0
DA:154,126
DA:155,126
DA:156,126
DA:157,126
DA:159,126
DA:160,2324
DA:162,2324
DA:163,126
DA:164,0
DA:165,0
DA:166,126
DA:167,126
DA:168,126
DA:169,126
DA:170,126
DA:171,126
DA:172,126
DA:173,126
DA:174,126
DA:176,2324
DA:177,1031
DA:178,1031
DA:179,1031
DA:180,1031
DA:182,2089
DA:183,1153
DA:184,123
DA:185,123
DA:186,123
DA:187,123
DA:188,123
DA:189,123
DA:190,123
DA:191,123
DA:192,123
DA:193,123
DA:194,123
DA:195,123
DA:196,123
DA:197,123
DA:198,123
DA:199,1030
DA:200,1030
DA:201,1030
DA:202,1030
DA:204,2324
DA:205,1
DA:206,1
DA:207,1
DA:208,1
DA:210,13
DA:211,13
DA:212,3
DA:213,3
DA:214,3
DA:215,3
DA:216,3
DA:217,3
DA:218,3
DA:219,3
DA:220,3
DA:221,3
DA:222,3
DA:223,3
DA:224,3
DA:225,3
DA:226,3
DA:227,3
DA:228,3
DA:229,3
DA:230,3
DA:232,10
DA:233,10
DA:234,10
DA:235,10
DA:236,10
DA:237,10
DA:238,10
DA:239,10
DA:240,10
DA:241,10
DA:242,10
DA:243,10
DA:244,10
DA:245,10
DA:246,10
DA:247,10
DA:248,10
DA:249,10
DA:250,10
DA:251,13
DA:253,0
DA:254,0
DA:256,3
DA:257,3
DA:259,19
DA:260,19
DA:261,19
DA:262,19
DA:263,19
DA:264,19
DA:265,19
DA:266,19
DA:267,19
DA:268,0
DA:269,0
DA:271,19
DA:272,19
DA:273,19
DA:275,19
DA:276,21
DA:278,21
DA:279,1
DA:280,1
DA:281,1
DA:282,1
DA:284,21
DA:285,19
DA:286,19
DA:287,19
DA:288,19
DA:289,19
DA:290,19
DA:291,19
DA:292,19
DA:293,19
DA:294,19
DA:295,19
DA:296,19
DA:297,19
DA:298,19
DA:299,19
DA:300,19
DA:301,19
DA:302,19
DA:303,19
DA:304,19
DA:305,19
DA:306,19
DA:307,19
DA:308,0
DA:309,0
DA:310,0
DA:311,0
DA:313,1
DA:314,1
DA:315,1
DA:316,1
DA:317,1
DA:319,0
DA:320,0
DA:322,0
DA:323,0
LF:276
LH:245
BRDA:13,0,0,300
BRDA:17,1,0,6
BRDA:25,2,0,179
BRDA:28,3,0,304
BRDA:30,4,0,303
BRDA:43,5,0,2219
BRDA:44,6,0,1188
BRDA:47,7,0,179
BRDA:52,8,0,133
BRDA:53,9,0,131
BRDA:53,10,0,2
BRDA:54,11,0,93
BRDA:54,12,0,46
BRDA:57,13,0,0
BRDA:68,14,0,40
BRDA:73,15,0,201
BRDA:82,16,0,46
BRDA:87,17,0,164
BRDA:90,18,0,0
BRDA:94,19,0,16
BRDA:97,20,0,162
BRDA:97,21,0,148
BRDA:99,22,0,121
BRDA:104,23,0,148
BRDA:106,24,0,160
BRDA:106,25,0,153
BRDA:106,26,0,126
BRDA:112,27,0,22
BRDA:114,28,0,19
BRDA:120,29,0,11
BRDA:120,30,0,3
BRDA:122,31,0,2
BRDA:122,32,0,11
BRDA:122,33,0,1
BRDA:124,34,0,2
BRDA:125,35,0,1
BRDA:130,36,0,0
BRDA:133,37,0,199
BRDA:133,38,0,195
BRDA:135,39,0,176
BRDA:137,40,0,195
BRDA:142,41,0,126
BRDA:150,42,0,0
BRDA:159,43,0,2324
BRDA:162,44,0,126
BRDA:163,45,0,0
BRDA:174,46,0,2198
BRDA:176,47,0,1031
BRDA:180,48,0,2322
BRDA:180,49,0,2089
BRDA:180,50,0,1167
BRDA:182,51,0,1153
BRDA:183,52,0,123
BRDA:198,53,0,1030
BRDA:202,54,0,14
BRDA:204,55,0,1858
BRDA:204,56,0,1
BRDA:208,57,0,13
BRDA:211,58,0,12
BRDA:211,59,0,3
BRDA:230,60,0,10
BRDA:251,61,0,0
BRDA:254,62,0,3
BRDA:259,63,0,19
BRDA:267,64,0,0
BRDA:275,65,0,21
BRDA:278,66,0,1
BRDA:282,67,0,20
BRDA:284,68,0,19
BRDA:307,69,0,0
BRDA:311,70,0,6
BRDA:311,71,0,1
BRDA:317,72,0,0
BRDA:320,73,0,0
BRF:74
BRH:64
end_of_record
TN:
SF:src/errors/createError.ts
FN:4,createHyogenError
FNF:1
FNH:1
FNDA:132,createHyogenError
DA:2,1
DA:4,1
DA:9,132
DA:10,132
DA:11,132
DA:13,132
DA:14,132
DA:15,132
DA:16,132
DA:17,132
DA:18,132
DA:19,132
DA:20,132
LF:13
LH:13
BRDA:4,0,0,132
BRDA:11,1,0,131
BRF:2
BRH:2
end_of_record
TN:
SF:src/errors/formatDiagnosticLog.ts
FN:7,formatDiagnosticLog
FNF:1
FNH:1
FNDA:10,formatDiagnosticLog
DA:7,1
DA:8,10
DA:9,10
DA:10,10
DA:11,10
DA:13,10
DA:14,10
DA:15,7
DA:16,12
DA:17,11
DA:18,11
DA:19,12
DA:20,7
DA:23,10
DA:24,2
DA:25,2
DA:27,10
DA:28,13
DA:29,13
DA:31,10
DA:32,10
LF:21
LH:21
BRDA:7,0,0,10
BRDA:14,1,0,7
BRDA:15,2,0,12
BRDA:16,3,0,11
BRDA:23,4,0,6
BRDA:23,5,0,2
BRDA:27,6,0,13
BRF:7
BRH:7
end_of_record
TN:
SF:src/errors/formatMessage.ts
FN:6,applyTemplate
FN:24,formatMessage
FN:31,formatWarningMessage
FNF:3
FNH:3
FNDA:160,applyTemplate
FNDA:139,formatMessage
FNDA:21,formatWarningMessage
DA:1,1
DA:3,1
DA:4,1
DA:6,160
DA:7,160
DA:8,160
DA:9,160
DA:10,160
DA:11,4
DA:12,4
DA:14,156
DA:15,332
DA:16,107
DA:17,107
DA:18,225
DA:19,332
DA:20,156
DA:21,156
DA:24,1
DA:25,139
DA:26,139
DA:27,139
DA:28,139
DA:29,139
DA:31,1
DA:32,21
DA:33,21
DA:34,21
DA:35,21
DA:36,21
LF:30
LH:30
BRDA:6,0,0,160
BRDA:10,1,0,4
BRDA:12,2,0,156
BRDA:14,3,0,332
BRDA:15,4,0,327
BRDA:15,5,0,260
BRDA:15,6,0,107
BRDA:17,7,0,225
BRDA:19,8,0,0
BRDA:19,9,0,225
BRDA:24,10,0,139
BRDA:31,11,0,21
BRF:12
BRH:11
end_of_record
TN:
SF:src/expr/evaluateExpression.ts
FN:6,isFalsy
FN:10,getPropertyValue
FN:20,evaluateBinary
FN:55,evaluateExpression
FN:190,evaluateExpressionAsync
FNF:5
FNH:4
FNDA:15,isFalsy
FNDA:30,getPropertyValue
FNDA:64,evaluateBinary
FNDA:657,evaluateExpression
FNDA:0,evaluateExpressionAsync
DA:1,1
DA:2,1
DA:4,1
DA:6,15
DA:7,15
DA:8,15
DA:10,30
DA:11,30
DA:12,2
DA:13,2
DA:14,30
DA:15,0
DA:16,0
DA:17,28
DA:18,28
DA:20,64
DA:21,64
DA:22,64
DA:23,29
DA:24,64
DA:25,0
DA:26,64
DA:27,0
DA:28,64
DA:29,1
DA:30,64
DA:31,2
DA:32,64
DA:33,0
DA:34,64
DA:35,1
DA:36,64
DA:37,0
DA:38,64
DA:39,4
DA:40,64
DA:41,0
DA:42,64
DA:43,0
DA:44,64
DA:45,27
DA:46,64
DA:47,0
DA:48,64
DA:49,0
DA:50,64
DA:51,0
DA:52,64
DA:53,64
DA:55,657
DA:56,657
DA:57,657
DA:58,657
DA:59,657
DA:61,657
DA:62,657
DA:63,263
DA:64,657
DA:65,248
DA:66,248
DA:67,657
DA:68,32
DA:69,32
DA:70,30
DA:71,30
DA:72,657
DA:73,7
DA:74,7
DA:75,7
DA:76,7
DA:77,0
DA:78,0
DA:79,657
DA:80,3
DA:81,3
DA:82,3
DA:83,3
DA:84,0
DA:85,0
DA:86,657
DA:87,67
DA:88,2
DA:89,2
DA:90,0
DA:91,0
DA:92,2
DA:93,2
DA:94,67
DA:95,1
DA:96,1
DA:97,0
DA:98,0
DA:99,1
DA:100,1
DA:101,64
DA:102,64
DA:103,64
DA:104,64
DA:105,657
DA:106,21
DA:107,3
DA:108,3
DA:109,3
DA:110,3
DA:111,3
DA:112,3
DA:113,3
DA:114,3
DA:115,18
DA:116,0
DA:117,0
DA:118,0
DA:119,0
DA:120,0
DA:121,0
DA:122,0
DA:123,0
DA:124,18
DA:125,18
DA:126,21
DA:127,21
DA:128,18
DA:129,18
DA:130,18
DA:131,18
DA:132,21
DA:133,21
DA:134,21
DA:135,21
DA:136,21
DA:137,21
DA:138,21
DA:139,21
DA:140,21
DA:141,21
DA:142,657
DA:143,8
DA:144,0
DA:145,0
DA:146,0
DA:147,0
DA:148,0
DA:149,0
DA:150,8
DA:151,8
DA:152,8
DA:153,8
DA:154,8
DA:155,8
DA:156,8
DA:157,0
DA:158,0
DA:159,8
DA:160,8
DA:161,8
DA:162,8
DA:163,657
DA:164,5
DA:165,5
DA:166,4
DA:167,4
DA:168,1
DA:169,1
DA:170,657
DA:171,3
DA:172,3
DA:173,9
DA:174,6
DA:175,9
DA:176,3
DA:177,3
DA:178,3
DA:179,3
DA:180,3
DA:181,9
DA:182,3
DA:183,3
DA:184,657
DA:185,0
DA:186,657
DA:187,657
DA:190,0
DA:191,0
DA:192,0
DA:193,0
DA:194,0
DA:195,0
DA:196,0
LF:188
LH:145
BRDA:6,0,0,15
BRDA:10,1,0,30
BRDA:11,2,0,2
BRDA:13,3,0,28
BRDA:14,4,0,0
BRDA:16,5,0,28
BRDA:20,6,0,64
BRDA:22,7,0,29
BRDA:24,8,0,0
BRDA:26,9,0,0
BRDA:28,10,0,1
BRDA:30,11,0,2
BRDA:32,12,0,0
BRDA:34,13,0,1
BRDA:36,14,0,0
BRDA:38,15,0,4
BRDA:40,16,0,0
BRDA:42,17,0,0
BRDA:44,18,0,27
BRDA:46,19,0,0
BRDA:48,20,0,0
BRDA:50,21,0,0
BRDA:55,22,0,657
BRDA:62,23,0,263
BRDA:64,24,0,248
BRDA:67,25,0,32
BRDA:69,26,0,30
BRDA:72,27,0,7
BRDA:76,28,0,0
BRDA:79,29,0,3
BRDA:83,30,0,0
BRDA:86,31,0,67
BRDA:87,32,0,2
BRDA:89,33,0,0
BRDA:93,34,0,65
BRDA:94,35,0,1
BRDA:96,36,0,0
BRDA:100,37,0,64
BRDA:105,38,0,21
BRDA:106,39,0,19
BRDA:106,40,0,18
BRDA:106,41,0,3
BRDA:114,42,0,18
BRDA:115,43,0,0
BRDA:125,44,0,21
BRDA:131,45,0,0
BRDA:136,46,0,0
BRDA:142,47,0,8
BRDA:143,48,0,0
BRDA:156,49,0,0
BRDA:163,50,0,5
BRDA:165,51,0,4
BRDA:167,52,0,1
BRDA:170,53,0,3
BRDA:172,54,0,9
BRDA:173,55,0,6
BRDA:175,56,0,3
BRDA:184,57,0,0
BRF:58
BRH:38
end_of_record
TN:
SF:src/expr/interpolateExpressions.ts
FN:6,interpolateExpressions
FNF:1
FNH:1
FNDA:204,interpolateExpressions
DA:1,1
DA:3,1
DA:4,1
DA:6,204
DA:7,204
DA:8,204
DA:9,204
DA:11,204
DA:12,204
DA:13,204
DA:14,204
DA:15,204
DA:17,204
DA:18,318
DA:19,318
DA:20,167
DA:21,167
DA:22,167
DA:24,151
DA:26,151
DA:27,151
DA:28,151
DA:29,1
DA:31,318
DA:32,318
DA:33,150
DA:34,150
DA:36,318
DA:37,0
DA:38,0
DA:39,0
DA:40,0
DA:42,318
DA:43,318
DA:44,318
DA:45,318
DA:46,1
DA:47,1
DA:48,1
DA:49,1
DA:50,1
DA:51,1
DA:53,150
DA:54,150
DA:55,150
DA:56,150
DA:57,150
DA:58,150
DA:59,310
DA:60,318
DA:61,318
DA:62,318
DA:63,318
DA:65,196
DA:66,196
LF:55
LH:51
BRDA:6,0,0,204
BRDA:17,1,0,318
BRDA:19,2,0,306
BRDA:19,3,0,167
BRDA:22,4,0,151
BRDA:28,5,0,1
BRDA:32,6,0,150
BRDA:33,7,0,150
BRDA:34,8,0,139
BRDA:36,9,0,1
BRDA:36,10,0,311
BRDA:36,11,0,0
BRDA:40,12,0,151
BRDA:42,13,0,1
BRDA:42,14,0,150
BRDA:43,15,0,1
BRDA:43,16,0,150
BRDA:45,17,0,311
BRDA:45,18,0,1
BRDA:51,19,0,310
BRDA:51,20,0,150
BRDA:59,21,0,9
BRDA:60,22,0,163
BRDA:60,23,0,143
BRDA:61,24,0,140
BRDA:61,25,0,3
BRDA:61,26,0,140
BRDA:63,27,0,196
BRF:28
BRH:27
end_of_record
TN:
SF:src/expr/parseExpression.ts
FN:4,isIdentifierStart
FN:8,isIdentifierPart
FN:12,parseExpression
FN:31,parseError
FN:39,<instance_members_initializer>
FN:43,ExpressionParser
FN:51,get position
FN:55,hasMore
FN:60,skipWhitespace
FN:66,parseExpression
FN:70,parsePipe
FN:88,parseTernary
FN:105,parseLogicalOr
FN:118,parseLogicalAnd
FN:131,parseComparison
FN:145,readComparisonOp
FN:165,parseAdditive
FN:180,parseMultiplicative
FN:195,parseUnary
FN:205,parsePostfix
FN:219,parseAfterDot
FN:239,parseMethodArgs
FN:263,parsePrimary
FN:340,parseTemplateLiteral
FN:384,readTemplateExpression
FN:433,parseCallArgs
FN:499,parseObjectLiteral
FN:548,parseArrayLiteral
FN:585,parseLiteralValue
FN:612,match
FN:621,peek
FN:625,readIdentifier
FN:638,readString
FN:664,readNumber
FNF:34
FNH:33
FNDA:914,isIdentifierStart
FNDA:2052,isIdentifierPart
FNDA:465,parseExpression
FNDA:8,parseError
FNDA:463,<instance_members_initializer>
FNDA:463,ExpressionParser
FNDA:0,get position
FNDA:456,hasMore
FNDA:8761,skipWhitespace
FNDA:465,parseExpression
FNDA:465,parsePipe
FNDA:522,parseTernary
FNDA:522,parseLogicalOr
FNDA:526,parseLogicalAnd
FNDA:531,parseComparison
FNDA:545,readComparisonOp
FNDA:551,parseAdditive
FNDA:566,parseMultiplicative
FNDA:573,parseUnary
FNDA:568,parsePostfix
FNDA:44,parseAfterDot
FNDA:9,parseMethodArgs
FNDA:568,parsePrimary
FNDA:7,parseTemplateLiteral
FNDA:7,readTemplateExpression
FNDA:24,parseCallArgs
FNDA:14,parseObjectLiteral
FNDA:11,parseArrayLiteral
FNDA:63,parseLiteralValue
FNDA:1045,match
FNDA:7773,peek
FNDA:505,readIdentifier
FNDA:109,readString
FNDA:79,readNumber
DA:1,1
DA:4,914
DA:5,914
DA:6,914
DA:8,2052
DA:9,2052
DA:10,2052
DA:12,1
DA:13,465
DA:14,465
DA:15,465
DA:16,465
DA:17,465
DA:18,465
DA:19,2
DA:20,2
DA:22,463
DA:23,463
DA:24,463
DA:25,465
DA:26,0
DA:27,0
DA:28,456
DA:29,456
DA:31,8
DA:32,8
DA:33,8
DA:34,8
DA:35,8
DA:36,8
DA:37,8
DA:39,1
DA:40,463
DA:41,463
DA:43,463
DA:44,463
DA:45,463
DA:46,463
DA:47,463
DA:48,463
DA:49,463
DA:51,463
DA:52,0
DA:53,0
DA:55,463
DA:56,456
DA:57,456
DA:58,456
DA:60,463
DA:61,8761
DA:62,317
DA:63,317
DA:64,8761
DA:66,463
DA:67,465
DA:68,465
DA:70,463
DA:71,465
DA:72,465
DA:73,469
DA:74,469
DA:75,458
DA:76,458
DA:78,469
DA:79,0
DA:80,0
DA:81,11
DA:82,11
DA:83,11
DA:84,11
DA:85,458
DA:86,465
DA:88,463
DA:89,522
DA:90,522
DA:91,522
DA:92,505
DA:93,505
DA:94,11
DA:95,11
DA:96,11
DA:97,140
DA:98,1
DA:99,1
DA:100,10
DA:101,10
DA:102,10
DA:103,522
DA:105,463
DA:106,522
DA:107,522
DA:108,520
DA:109,520
DA:110,516
DA:111,516
DA:112,4
DA:113,4
DA:114,4
DA:115,516
DA:116,522
DA:118,463
DA:119,526
DA:120,526
DA:121,525
DA:122,525
DA:123,520
DA:124,520
DA:125,5
DA:126,5
DA:127,5
DA:128,520
DA:129,526
DA:131,463
DA:132,531
DA:133,531
DA:134,545
DA:135,545
DA:136,545
DA:137,525
DA:138,525
DA:139,20
DA:140,20
DA:141,20
DA:142,525
DA:143,531
DA:145,463
DA:146,545
DA:147,545
DA:148,545
DA:149,545
DA:150,545
DA:151,545
DA:152,545
DA:153,545
DA:154,545
DA:155,545
DA:156,545
DA:157,4317
DA:158,20
DA:159,20
DA:160,20
DA:161,4317
DA:162,525
DA:163,545
DA:165,463
DA:166,551
DA:167,551
DA:168,560
DA:169,560
DA:170,560
DA:171,545
DA:172,545
DA:173,15
DA:174,15
DA:175,15
DA:176,15
DA:177,545
DA:178,551
DA:180,463
DA:181,566
DA:182,566
DA:183,562
DA:184,562
DA:185,562
DA:186,560
DA:187,560
DA:188,2
DA:189,2
DA:190,2
DA:191,2
DA:192,560
DA:193,566
DA:195,463
DA:196,573
DA:197,573
DA:198,5
DA:199,5
DA:200,5
DA:201,5
DA:202,568
DA:203,573
DA:205,463
DA:206,568
DA:207,568
DA:208,606
DA:209,606
DA:210,44
DA:211,44
DA:212,44
DA:213,44
DA:214,562
DA:215,562
DA:216,562
DA:217,568
DA:219,463
DA:220,44
DA:221,44
DA:222,44
DA:223,0
DA:224,0
DA:226,44
DA:227,44
DA:228,9
DA:229,0
DA:230,0
DA:231,9
DA:232,9
DA:233,9
DA:234,9
DA:236,35
DA:237,44
DA:239,463
DA:240,9
DA:241,9
DA:243,9
DA:244,0
DA:245,0
DA:246,0
DA:248,9
DA:249,9
DA:250,9
DA:251,0
DA:252,0
DA:253,0
DA:254,0
DA:256,9
DA:257,0
DA:258,0
DA:259,9
DA:260,9
DA:261,9
DA:263,463
DA:264,568
DA:265,568
DA:267,568
DA:268,2
DA:269,2
DA:270,2
DA:271,2
DA:272,1
DA:273,1
DA:274,1
DA:275,1
DA:276,1
DA:278,568
DA:279,7
DA:280,7
DA:282,568
DA:283,64
DA:284,64
DA:286,568
DA:287,73
DA:288,73
DA:290,556
DA:291,2
DA:292,2
DA:294,545
DA:295,11
DA:296,11
DA:298,423
DA:299,408
DA:300,408
DA:301,408
DA:302,285
DA:303,276
DA:304,276
DA:305,408
DA:306,132
DA:307,132
DA:308,123
DA:309,9
DA:310,9
DA:311,0
DA:312,0
DA:313,0
DA:314,132
DA:315,132
DA:317,276
DA:318,407
DA:319,25
DA:320,1
DA:321,1
DA:322,1
DA:323,1
DA:324,1
DA:325,24
DA:326,24
DA:327,24
DA:328,24
DA:330,408
DA:331,1
DA:332,1
DA:334,250
DA:335,250
DA:337,1
DA:338,568
DA:340,463
DA:342,7
DA:343,7
DA:344,7
DA:346,7
DA:347,36
DA:349,36
DA:350,5
DA:351,5
DA:352,5
DA:353,5
DA:355,36
DA:356,0
DA:357,0
DA:358,0
DA:359,0
DA:360,0
DA:361,0
DA:362,0
DA:363,0
DA:365,36
DA:366,7
DA:367,7
DA:368,7
DA:369,7
DA:370,7
DA:371,7
DA:372,7
DA:373,7
DA:374,7
DA:375,7
DA:377,24
DA:378,24
DA:379,24
DA:381,1
DA:382,7
DA:384,463
DA:385,7
DA:386,7
DA:387,7
DA:389,7
DA:390,95
DA:392,95
DA:393,16
DA:394,0
DA:395,0
DA:396,0
DA:397,16
DA:398,3
DA:399,3
DA:400,16
DA:401,16
DA:402,16
DA:404,95
DA:405,3
DA:406,3
DA:407,3
DA:408,3
DA:410,95
DA:411,1
DA:412,1
DA:413,1
DA:414,1
DA:416,95
DA:417,8
DA:418,8
DA:419,7
DA:420,7
DA:421,7
DA:422,7
DA:423,1
DA:424,1
DA:425,1
DA:427,67
DA:428,67
DA:430,0
DA:431,7
DA:433,463
DA:434,24
DA:435,24
DA:436,3
DA:437,3
DA:438,3
DA:440,21
DA:441,0
DA:442,0
DA:443,21
DA:444,21
DA:446,21
DA:447,21
DA:448,4
DA:449,4
DA:450,4
DA:451,0
DA:452,0
DA:453,4
DA:454,4
DA:455,4
DA:457,19
DA:458,25
DA:459,25
DA:460,25
DA:461,0
DA:462,0
DA:464,25
DA:465,25
DA:466,0
DA:467,0
DA:468,25
DA:469,25
DA:472,25
DA:473,25
DA:475,25
DA:476,17
DA:477,17
DA:478,17
DA:479,8
DA:480,8
DA:481,8
DA:482,8
DA:483,0
DA:484,0
DA:485,0
DA:486,8
DA:487,8
DA:488,0
DA:489,0
DA:491,17
DA:492,19
DA:493,0
DA:494,0
DA:495,17
DA:496,17
DA:497,24
DA:499,463
DA:500,14
DA:501,0
DA:502,0
DA:503,14
DA:504,14
DA:506,14
DA:507,14
DA:508,0
DA:509,0
DA:510,0
DA:512,14
DA:513,28
DA:514,28
DA:515,28
DA:516,0
DA:517,0
DA:519,28
DA:520,28
DA:521,0
DA:522,0
DA:523,28
DA:524,28
DA:526,28
DA:527,28
DA:529,28
DA:530,14
DA:531,14
DA:532,14
DA:533,14
DA:534,14
DA:535,14
DA:536,14
DA:537,0
DA:538,0
DA:539,0
DA:540,28
DA:541,0
DA:542,0
DA:543,28
DA:545,14
DA:546,14
DA:548,463
DA:549,11
DA:550,0
DA:551,0
DA:552,11
DA:553,11
DA:555,11
DA:556,11
DA:557,0
DA:558,0
DA:559,0
DA:561,11
DA:562,26
DA:563,26
DA:564,26
DA:566,26
DA:567,6
DA:568,6
DA:569,6
DA:570,20
DA:571,20
DA:572,20
DA:573,20
DA:574,5
DA:575,5
DA:576,5
DA:577,26
DA:578,0
DA:579,0
DA:580,26
DA:582,11
DA:583,11
DA:585,463
DA:586,63
DA:587,63
DA:589,63
DA:590,45
DA:591,45
DA:592,63
DA:593,6
DA:594,6
DA:595,12
DA:596,12
DA:597,12
DA:598,0
DA:599,0
DA:600,0
DA:601,0
DA:602,0
DA:603,0
DA:604,0
DA:605,0
DA:606,0
DA:607,0
DA:609,0
DA:610,63
DA:612,463
DA:613,1045
DA:614,1045
DA:615,9
DA:616,9
DA:617,9
DA:618,1036
DA:619,1045
DA:621,463
DA:622,7773
DA:623,7773
DA:625,463
DA:626,505
DA:627,505
DA:628,505
DA:629,0
DA:630,0
DA:631,505
DA:632,505
DA:633,1843
DA:634,1843
DA:635,505
DA:636,505
DA:638,463
DA:639,109
DA:640,109
DA:641,109
DA:642,109
DA:643,760
DA:644,760
DA:645,109
DA:646,109
DA:647,109
DA:648,760
DA:649,6
DA:650,6
DA:651,0
DA:652,0
DA:653,6
DA:654,6
DA:655,6
DA:656,6
DA:657,6
DA:658,645
DA:659,645
DA:660,645
DA:661,0
DA:662,109
DA:664,463
DA:665,79
DA:666,79
DA:667,0
DA:668,0
DA:669,79
DA:670,131
DA:671,131
DA:672,79
DA:673,79
DA:674,79
DA:675,0
DA:676,0
DA:677,79
DA:678,79
DA:679,463
LF:592
LH:502
BRDA:4,0,0,914
BRDA:8,1,0,2052
BRDA:12,2,0,465
BRDA:18,3,0,2
BRDA:20,4,0,463
BRDA:25,5,0,0
BRDA:27,6,0,456
BRDA:31,7,0,8
BRDA:39,8,0,463
BRDA:43,9,0,463
BRDA:55,10,0,456
BRDA:60,11,0,8761
BRDA:61,12,0,3416
BRDA:61,13,0,317
BRDA:66,14,0,465
BRDA:70,15,0,465
BRDA:72,16,0,469
BRDA:74,17,0,468
BRDA:74,18,0,458
BRDA:76,19,0,11
BRDA:78,20,0,80
BRDA:78,21,0,0
BRDA:80,22,0,11
BRDA:84,23,0,458
BRDA:88,24,0,522
BRDA:91,25,0,505
BRDA:93,26,0,140
BRDA:93,27,0,11
BRDA:97,28,0,1
BRDA:99,29,0,10
BRDA:105,30,0,522
BRDA:107,31,0,520
BRDA:109,32,0,516
BRDA:111,33,0,4
BRDA:114,34,0,516
BRDA:118,35,0,526
BRDA:120,36,0,522
BRDA:120,37,0,525
BRDA:122,38,0,520
BRDA:124,39,0,5
BRDA:127,40,0,520
BRDA:131,41,0,531
BRDA:133,42,0,545
BRDA:136,43,0,525
BRDA:138,44,0,20
BRDA:141,45,0,525
BRDA:145,46,0,545
BRDA:156,47,0,4317
BRDA:157,48,0,20
BRDA:161,49,0,525
BRDA:165,50,0,551
BRDA:167,51,0,560
BRDA:170,52,0,545
BRDA:170,53,0,545
BRDA:172,54,0,15
BRDA:176,55,0,545
BRDA:180,56,0,566
BRDA:182,57,0,562
BRDA:182,58,0,562
BRDA:185,59,0,561
BRDA:185,60,0,560
BRDA:187,61,0,2
BRDA:191,62,0,560
BRDA:195,63,0,573
BRDA:197,64,0,5
BRDA:201,65,0,568
BRDA:205,66,0,568
BRDA:207,67,0,606
BRDA:209,68,0,605
BRDA:209,69,0,44
BRDA:213,70,0,562
BRDA:215,71,0,562
BRDA:219,72,0,44
BRDA:222,73,0,0
BRDA:227,74,0,9
BRDA:228,75,0,0
BRDA:234,76,0,35
BRDA:239,77,0,9
BRDA:243,78,0,0
BRDA:250,79,0,0
BRDA:256,80,0,0
BRDA:263,81,0,568
BRDA:267,82,0,2
BRDA:271,83,0,1
BRDA:276,84,0,566
BRDA:278,85,0,7
BRDA:280,86,0,559
BRDA:282,87,0,495
BRDA:282,88,0,565
BRDA:282,89,0,64
BRDA:284,90,0,495
BRDA:286,91,0,73
BRDA:288,92,0,556
BRDA:288,93,0,422
BRDA:290,94,0,545
BRDA:290,95,0,2
BRDA:292,96,0,420
BRDA:294,97,0,11
BRDA:296,98,0,544
BRDA:296,99,0,423
BRDA:296,100,0,409
BRDA:298,101,0,408
BRDA:301,102,0,285
BRDA:302,103,0,276
BRDA:303,104,0,276
BRDA:305,105,0,132
BRDA:307,106,0,123
BRDA:308,107,0,9
BRDA:310,108,0,0
BRDA:315,109,0,407
BRDA:315,110,0,276
BRDA:318,111,0,25
BRDA:319,112,0,1
BRDA:324,113,0,24
BRDA:328,114,0,251
BRDA:330,115,0,1
BRDA:332,116,0,250
BRDA:335,117,0,1
BRDA:340,118,0,7
BRDA:346,119,0,36
BRDA:349,120,0,5
BRDA:353,121,0,31
BRDA:355,122,0,0
BRDA:363,123,0,31
BRDA:365,124,0,7
BRDA:365,125,0,7
BRDA:375,126,0,24
BRDA:379,127,0,1
BRDA:384,128,0,7
BRDA:389,129,0,95
BRDA:392,130,0,16
BRDA:393,131,0,0
BRDA:397,132,0,3
BRDA:402,133,0,79
BRDA:404,134,0,78
BRDA:404,135,0,76
BRDA:404,136,0,3
BRDA:408,137,0,76
BRDA:410,138,0,1
BRDA:414,139,0,75
BRDA:416,140,0,8
BRDA:418,141,0,7
BRDA:422,142,0,1
BRDA:425,143,0,67
BRDA:428,144,0,0
BRDA:433,145,0,24
BRDA:435,146,0,3
BRDA:438,147,0,21
BRDA:440,148,0,0
BRDA:447,149,0,4
BRDA:450,150,0,0
BRDA:455,151,0,19
BRDA:455,152,0,17
BRDA:457,153,0,25
BRDA:460,154,0,0
BRDA:465,155,0,0
BRDA:475,156,0,21
BRDA:475,157,0,17
BRDA:478,158,0,8
BRDA:482,159,0,0
BRDA:487,160,0,0
BRDA:489,161,0,17
BRDA:492,162,0,0
BRDA:494,163,0,17
BRDA:499,164,0,14
BRDA:500,165,0,0
BRDA:507,166,0,0
BRDA:512,167,0,28
BRDA:515,168,0,0
BRDA:520,169,0,0
BRDA:529,170,0,14
BRDA:536,171,0,0
BRDA:540,172,0,0
BRDA:548,173,0,11
BRDA:549,174,0,0
BRDA:556,175,0,0
BRDA:561,176,0,26
BRDA:566,177,0,24
BRDA:566,178,0,6
BRDA:569,179,0,20
BRDA:573,180,0,5
BRDA:577,181,0,0
BRDA:585,182,0,63
BRDA:589,183,0,27
BRDA:589,184,0,55
BRDA:589,185,0,45
BRDA:591,186,0,18
BRDA:592,187,0,51
BRDA:592,188,0,39
BRDA:592,189,0,6
BRDA:594,190,0,12
BRDA:597,191,0,0
BRDA:612,192,0,1045
BRDA:614,193,0,9
BRDA:617,194,0,1036
BRDA:621,195,0,7773
BRDA:622,196,0,2608
BRDA:625,197,0,505
BRDA:628,198,0,0
BRDA:632,199,0,2052
BRDA:632,200,0,1843
BRDA:638,201,0,109
BRDA:642,202,0,760
BRDA:644,203,0,757
BRDA:644,204,0,109
BRDA:647,205,0,651
BRDA:648,206,0,6
BRDA:650,207,0,0
BRDA:657,208,0,645
BRDA:660,209,0,0
BRDA:664,210,0,79
BRDA:666,211,0,0
BRDA:669,212,0,147
BRDA:669,213,0,131
BRDA:674,214,0,0
BRF:215
BRH:182
end_of_record
TN:
SF:src/frontmatter/parseFrontMatter.ts
FN:7,parseFrontMatter
FNF:1
FNH:1
FNDA:196,parseFrontMatter
DA:1,1
DA:2,1
DA:5,1
DA:7,1
DA:8,196
DA:9,196
DA:10,196
DA:11,196
DA:12,160
DA:13,160
DA:15,36
DA:16,196
DA:17,0
DA:18,0
DA:20,36
DA:21,132
DA:22,0
DA:23,0
DA:25,36
DA:26,36
DA:28,132
DA:29,3
DA:30,3
DA:31,3
DA:32,3
DA:33,3
DA:34,3
DA:35,3
DA:36,3
DA:37,3
DA:39,132
DA:40,1
DA:41,1
DA:42,1
DA:43,1
DA:44,1
DA:45,1
DA:47,32
DA:48,32
DA:49,32
DA:50,196
DA:51,0
DA:52,132
DA:53,30
DA:54,30
DA:55,0
DA:56,0
DA:57,196
DA:58,2
DA:59,2
DA:60,2
DA:61,2
DA:62,2
DA:63,2
DA:64,2
DA:65,2
DA:66,2
DA:68,30
DA:69,30
DA:70,30
DA:71,30
DA:72,132
DA:73,0
DA:74,0
DA:76,30
DA:77,30
DA:78,30
DA:79,30
DA:80,30
DA:81,30
LF:70
LH:61
BRDA:7,0,0,196
BRDA:11,1,0,192
BRDA:11,2,0,160
BRDA:13,3,0,36
BRDA:16,4,0,132
BRDA:16,5,0,0
BRDA:18,6,0,36
BRDA:21,7,0,0
BRDA:23,8,0,36
BRDA:28,9,0,3
BRDA:37,10,0,33
BRDA:39,11,0,1
BRDA:45,12,0,41
BRDA:45,13,0,32
BRDA:50,14,0,30
BRDA:50,15,0,132
BRDA:50,16,0,0
BRDA:52,17,0,30
BRDA:54,18,0,0
BRDA:57,19,0,132
BRDA:57,20,0,2
BRDA:63,21,0,0
BRDA:66,22,0,30
BRDA:72,23,0,0
BRDA:74,24,0,30
BRF:25
BRH:19
end_of_record
TN:
SF:src/include/VisitStack.ts
FN:5,<instance_members_initializer>
FN:8,check
FN:23,push
FN:27,pop
FNF:4
FNH:4
FNDA:135,<instance_members_initializer>
FNDA:49,check
FNDA:55,push
FNDA:51,pop
DA:5,1
DA:6,135
DA:8,135
DA:9,49
DA:10,1
DA:11,1
DA:12,48
DA:13,49
DA:14,5
DA:15,5
DA:16,5
DA:17,5
DA:18,5
DA:19,5
DA:20,43
DA:21,49
DA:23,135
DA:24,55
DA:25,55
DA:27,135
DA:28,51
DA:29,51
DA:30,135
LF:23
LH:23
BRDA:5,0,0,135
BRDA:8,1,0,49
BRDA:9,2,0,1
BRDA:11,3,0,48
BRDA:13,4,0,5
BRDA:17,5,0,0
BRDA:19,6,0,43
BRDA:23,7,0,55
BRDA:27,8,0,51
BRF:9
BRH:8
end_of_record
TN:
SF:src/include/expandIncludes.ts
FN:24,replaceMarker
FN:38,expandIncludes
FNF:2
FNH:2
FNDA:34,replaceMarker
FNDA:42,expandIncludes
DA:1,1
DA:2,1
DA:3,1
DA:4,1
DA:24,34
DA:25,34
DA:26,34
DA:27,34
DA:28,34
DA:29,34
DA:30,34
DA:31,0
DA:32,0
DA:33,34
DA:34,34
DA:35,34
DA:36,34
DA:38,42
DA:39,42
DA:40,42
DA:41,42
DA:43,42
DA:44,42
DA:45,42
DA:46,42
DA:47,42
DA:48,42
DA:49,42
DA:50,42
DA:51,42
DA:53,42
DA:54,33
DA:55,33
DA:56,2
DA:57,2
DA:58,2
DA:59,2
DA:60,2
DA:61,2
DA:62,2
DA:63,2
DA:64,2
DA:65,2
DA:66,2
DA:67,2
DA:68,2
DA:69,2
DA:70,2
DA:71,2
DA:72,2
DA:73,31
DA:74,31
DA:76,37
DA:77,37
DA:79,32
DA:80,32
DA:81,32
DA:82,32
DA:83,32
DA:84,32
DA:85,32
DA:86,32
DA:87,32
DA:88,32
DA:89,32
DA:91,32
DA:92,42
DA:93,1
DA:94,31
DA:96,42
DA:97,42
DA:98,37
DA:99,37
DA:100,42
DA:102,34
DA:103,34
LF:76
LH:74
BRDA:24,0,0,34
BRDA:30,1,0,0
BRDA:38,2,0,42
BRDA:53,3,0,33
BRDA:55,4,0,2
BRDA:72,5,0,31
BRDA:74,6,0,40
BRDA:74,7,0,37
BRDA:77,8,0,32
BRDA:92,9,0,1
BRDA:92,10,0,1
BRDA:93,11,0,31
BRDA:97,12,0,37
BRDA:98,13,0,31
BRDA:100,14,0,34
BRF:15
BRH:14
end_of_record
TN:
SF:src/io/createFsLoader.ts
FN:10,isHyogenError
FN:19,createFsLoader
FNF:2
FNH:2
FNDA:9,isHyogenError
FNDA:127,createFsLoader
DA:1,1
DA:2,1
DA:10,9
DA:11,9
DA:12,9
DA:13,9
DA:14,1
DA:15,1
DA:17,9
DA:19,1
DA:20,127
DA:22,127
DA:23,90
DA:24,90
DA:25,90
DA:26,1
DA:27,1
DA:28,1
DA:29,1
DA:30,1
DA:31,1
DA:32,1
DA:33,1
DA:34,1
DA:36,81
DA:37,89
DA:38,9
DA:39,1
DA:40,1
DA:42,8
DA:43,8
DA:44,8
DA:45,8
DA:46,8
DA:47,8
DA:48,8
DA:49,8
DA:50,8
DA:51,8
DA:52,8
DA:53,8
DA:55,0
DA:56,0
DA:57,0
DA:58,0
DA:59,0
DA:60,0
DA:61,9
DA:62,9
DA:63,9
DA:64,90
DA:65,127
LF:52
LH:46
BRDA:10,0,0,9
BRDA:13,1,0,1
BRDA:14,2,0,1
BRDA:19,3,0,127
BRDA:22,4,0,90
BRDA:24,5,0,82
BRDA:25,6,0,1
BRDA:34,7,0,89
BRDA:34,8,0,81
BRDA:37,9,0,9
BRDA:38,10,0,8
BRDA:38,11,0,1
BRDA:49,12,0,7
BRDA:53,13,0,0
BRF:14
BRH:13
end_of_record
TN:
SF:src/io/createNodeLoader.ts
FN:6,isHyogenError
FN:17,createNodeLoader
FNF:2
FNH:2
FNDA:2,isHyogenError
FNDA:111,createNodeLoader
DA:1,1
DA:2,1
DA:3,1
DA:6,2
DA:7,2
DA:8,2
DA:9,2
DA:10,1
DA:11,1
DA:13,2
DA:17,1
DA:18,111
DA:19,111
DA:21,111
DA:22,73
DA:23,65
DA:24,65
DA:26,8
DA:27,8
DA:28,14
DA:29,1
DA:30,1
DA:31,1
DA:32,1
DA:33,1
DA:34,1
DA:35,1
DA:36,1
DA:37,1
DA:38,1
DA:39,1
DA:40,0
DA:41,0
DA:42,0
DA:43,0
DA:44,0
DA:45,0
DA:46,0
DA:47,0
DA:48,0
DA:49,6
DA:50,14
DA:51,2
DA:52,1
DA:53,1
DA:54,1
DA:55,2
DA:56,2
DA:57,2
DA:58,2
DA:59,2
DA:60,2
DA:61,2
DA:62,2
DA:63,2
DA:64,2
DA:65,73
DA:66,111
LF:58
LH:49
BRDA:6,0,0,2
BRDA:9,1,0,1
BRDA:10,2,0,1
BRDA:17,3,0,111
BRDA:21,4,0,73
BRDA:22,5,0,65
BRDA:24,6,0,14
BRDA:24,7,0,10
BRDA:24,8,0,8
BRDA:27,9,0,7
BRDA:28,10,0,1
BRDA:35,11,0,0
BRDA:39,12,0,0
BRDA:48,13,0,6
BRDA:50,14,0,2
BRDA:51,15,0,1
BRDA:55,16,0,0
BRF:17
BRH:14
end_of_record
TN:
SF:src/io/isRemotePath.ts
FN:2,isRemotePath
FNF:1
FNH:1
FNDA:185,isRemotePath
DA:2,1
DA:3,185
DA:4,185
LF:3
LH:3
BRDA:2,0,0,185
BRF:1
BRH:1
end_of_record
TN:
SF:src/io/loadDataSources.ts
FN:14,isHyogenError
FN:23,resolveDataRoot
FN:30,loadDataSources
FNF:3
FNH:3
FNDA:2,isHyogenError
FNDA:8,resolveDataRoot
FNDA:8,loadDataSources
DA:1,1
DA:2,1
DA:3,1
DA:4,1
DA:5,1
DA:6,1
DA:14,2
DA:15,2
DA:16,2
DA:17,2
DA:18,1
DA:19,1
DA:21,2
DA:23,8
DA:24,8
DA:25,8
DA:26,8
DA:27,0
DA:28,8
DA:30,8
DA:31,8
DA:32,8
DA:33,8
DA:34,8
DA:35,8
DA:36,8
DA:38,8
DA:39,8
DA:40,8
DA:41,8
DA:42,8
DA:43,8
DA:44,2
DA:45,1
DA:46,1
DA:47,1
DA:48,1
DA:49,1
DA:50,1
DA:51,1
DA:52,2
DA:53,2
DA:54,2
DA:55,2
DA:56,6
DA:57,5
DA:59,5
DA:60,5
LF:48
LH:47
BRDA:14,0,0,2
BRDA:17,1,0,1
BRDA:18,2,0,1
BRDA:23,3,0,8
BRDA:26,4,0,0
BRDA:30,5,0,8
BRDA:35,6,0,7
BRDA:42,7,0,6
BRDA:43,8,0,2
BRDA:44,9,0,1
BRDA:52,10,0,0
BRDA:55,11,0,6
BRDA:56,12,0,5
BRF:13
BRH:11
end_of_record
TN:
SF:src/io/parseCsvFromString.ts
FN:6,isHyogenError
FN:15,rowValues
FN:21,isBlankRow
FN:25,readCsvRows
FN:42,parseCsvFromString
FNF:5
FNH:4
FNDA:0,isHyogenError
FNDA:24,rowValues
FNDA:24,isBlankRow
FNDA:8,readCsvRows
FNDA:9,parseCsvFromString
DA:1,1
DA:2,1
DA:3,1
DA:6,0
DA:7,0
DA:8,0
DA:9,0
DA:10,0
DA:11,0
DA:13,0
DA:15,24
DA:16,24
DA:17,24
DA:18,24
DA:19,24
DA:21,24
DA:22,24
DA:23,24
DA:25,8
DA:26,8
DA:27,8
DA:29,8
DA:30,8
DA:31,8
DA:32,24
DA:33,24
DA:34,22
DA:35,22
DA:36,8
DA:37,8
DA:38,8
DA:39,8
DA:40,8
DA:42,9
DA:43,9
DA:44,9
DA:45,9
DA:46,9
DA:47,1
DA:48,1
DA:49,1
DA:50,1
DA:51,1
DA:52,1
DA:54,8
DA:55,8
DA:56,8
DA:57,9
DA:58,0
DA:59,0
DA:60,0
DA:61,0
DA:62,0
DA:63,0
DA:64,0
DA:65,0
DA:66,0
DA:67,0
DA:68,0
DA:70,9
DA:71,0
DA:72,0
DA:73,0
DA:74,0
DA:75,0
DA:76,0
DA:78,8
DA:79,8
DA:81,9
DA:82,14
DA:83,2
DA:84,2
DA:85,2
DA:86,2
DA:87,2
DA:88,2
DA:89,14
DA:91,6
DA:92,10
DA:93,10
DA:94,20
DA:95,20
DA:96,10
DA:97,6
DA:98,6
LF:85
LH:61
BRDA:15,0,0,24
BRDA:17,1,0,24
BRDA:18,2,0,46
BRDA:18,3,0,0
BRDA:21,4,0,24
BRDA:22,5,0,22
BRDA:25,6,0,8
BRDA:26,7,0,8
BRDA:31,8,0,24
BRDA:33,9,0,22
BRDA:37,10,0,8
BRDA:42,11,0,9
BRDA:46,12,0,8
BRDA:46,13,0,1
BRDA:52,14,0,8
BRDA:57,15,0,0
BRDA:68,16,0,8
BRDA:70,17,0,0
BRDA:76,18,0,8
BRDA:81,19,0,14
BRDA:82,20,0,2
BRDA:89,21,0,6
BRDA:91,22,0,10
BRDA:93,23,0,20
BRDA:94,24,0,0
BRF:25
BRH:21
end_of_record
TN:
SF:src/io/parseDataFile.ts
FN:6,dataFileFormat
FN:10,assertNonEmptySource
FN:20,parseDataFile
FNF:3
FNH:3
FNDA:15,dataFileFormat
FNDA:16,assertNonEmptySource
FNDA:16,parseDataFile
DA:1,1
DA:2,1
DA:3,1
DA:4,1
DA:6,15
DA:7,15
DA:8,15
DA:10,16
DA:11,16
DA:12,1
DA:13,1
DA:14,1
DA:15,1
DA:16,1
DA:17,1
DA:18,16
DA:20,16
DA:21,16
DA:22,16
DA:23,16
DA:24,16
DA:26,16
DA:28,16
DA:29,16
DA:30,6
DA:31,6
DA:32,6
DA:33,2
DA:34,2
DA:35,2
DA:36,2
DA:37,2
DA:38,2
DA:39,2
DA:40,2
DA:41,2
DA:42,16
DA:43,16
DA:44,5
DA:45,5
DA:46,5
DA:47,1
DA:48,1
DA:49,1
DA:50,1
DA:51,1
DA:52,1
DA:53,1
DA:54,1
DA:55,1
DA:56,16
DA:57,3
DA:58,16
DA:59,1
DA:60,1
DA:61,1
DA:62,1
DA:63,1
DA:64,1
DA:65,1
DA:66,1
DA:67,16
DA:68,16
LF:63
LH:63
BRDA:6,0,0,15
BRDA:10,1,0,16
BRDA:11,2,0,1
BRDA:20,3,0,16
BRDA:29,4,0,6
BRDA:32,5,0,2
BRDA:38,6,0,0
BRDA:42,7,0,5
BRDA:43,8,0,5
BRDA:46,9,0,1
BRDA:52,10,0,0
BRDA:56,11,0,3
BRDA:58,12,0,1
BRF:13
BRH:11
end_of_record
TN:
SF:src/io/resolveIncludePath.ts
FN:4,resolveIncludePath
FNF:1
FNH:1
FNDA:60,resolveIncludePath
DA:1,1
DA:2,1
DA:4,1
DA:5,60
DA:6,60
DA:7,60
DA:8,60
DA:9,60
DA:10,60
DA:11,60
DA:12,60
DA:13,4
DA:14,4
DA:15,56
DA:16,56
DA:17,56
DA:18,56
DA:19,56
DA:20,56
DA:21,56
DA:22,56
LF:21
LH:21
BRDA:4,0,0,60
BRDA:12,1,0,4
BRDA:14,2,0,56
BRF:3
BRH:3
end_of_record
TN:
SF:src/layout/expandExtendsAndBlocks.ts
FN:33,findExtendDirectiveBlocks
FN:49,findBlockLikeDirectives
FN:61,createSkipOutput
FN:65,mergeLayoutWithBlocks
FN:81,updateViaForLoaderErrors
FN:100,expandExtendsAndBlocks
FNF:6
FNH:5
FNDA:180,findExtendDirectiveBlocks
FNDA:154,findBlockLikeDirectives
FNDA:3,createSkipOutput
FNDA:9,mergeLayoutWithBlocks
FNDA:0,updateViaForLoaderErrors
FNDA:170,expandExtendsAndBlocks
DA:1,1
DA:2,1
DA:3,1
DA:4,1
DA:5,1
DA:8,1
DA:9,1
DA:10,1
DA:11,1
DA:13,1
DA:33,180
DA:34,180
DA:35,180
DA:37,180
DA:38,341
DA:39,341
DA:40,341
DA:41,341
DA:42,17
DA:43,17
DA:44,341
DA:46,180
DA:47,180
DA:49,154
DA:50,154
DA:51,154
DA:52,266
DA:53,266
DA:54,266
DA:55,266
DA:56,266
DA:57,266
DA:58,154
DA:59,154
DA:61,3
DA:62,3
DA:63,3
DA:65,9
DA:66,9
DA:70,9
DA:71,9
DA:72,9
DA:73,10
DA:74,10
DA:75,10
DA:76,10
DA:77,9
DA:78,9
DA:79,9
DA:81,0
DA:82,0
DA:83,0
DA:85,0
DA:86,0
DA:87,0
DA:88,0
DA:89,0
DA:90,0
DA:91,0
DA:92,0
DA:94,0
DA:95,0
DA:96,0
DA:97,0
DA:98,0
DA:100,170
DA:101,170
DA:102,170
DA:103,170
DA:104,170
DA:105,170
DA:106,170
DA:107,170
DA:108,170
DA:109,170
DA:110,170
DA:111,170
DA:112,170
DA:113,170
DA:114,170
DA:116,170
DA:117,170
DA:119,154
DA:120,0
DA:121,0
DA:122,0
DA:123,0
DA:124,0
DA:125,0
DA:126,154
DA:127,154
DA:130,16
DA:131,16
DA:132,52
DA:133,0
DA:134,0
DA:136,52
DA:137,0
DA:138,0
DA:140,16
DA:141,170
DA:142,170
DA:143,2
DA:144,2
DA:145,2
DA:146,2
DA:147,2
DA:148,2
DA:150,52
DA:151,0
DA:152,0
DA:153,0
DA:154,0
DA:155,0
DA:156,0
DA:159,14
DA:160,14
DA:161,14
DA:162,14
DA:163,14
DA:165,52
DA:166,2
DA:167,2
DA:168,2
DA:169,2
DA:170,2
DA:171,2
DA:173,2
DA:174,2
DA:175,2
DA:176,2
DA:177,2
DA:179,10
DA:180,10
DA:182,10
DA:183,10
DA:184,10
DA:185,10
DA:186,10
DA:187,10
DA:188,10
DA:189,10
DA:192,16
DA:193,9
DA:194,9
DA:196,10
DA:197,10
DA:198,9
DA:199,1
DA:201,170
DA:202,0
DA:203,0
DA:204,0
DA:205,0
DA:206,0
DA:207,0
DA:208,0
DA:209,0
DA:210,0
DA:211,0
DA:213,0
DA:214,0
DA:215,0
DA:216,0
DA:217,0
DA:219,10
DA:220,10
DA:221,10
DA:226,52
DA:227,0
DA:228,0
DA:230,10
DA:231,10
DA:232,10
DA:233,10
DA:237,10
DA:238,52
DA:239,1
DA:240,1
DA:241,1
DA:242,1
DA:243,1
DA:244,1
DA:245,1
DA:246,1
DA:247,1
DA:248,1
DA:249,1
DA:250,1
DA:251,1
DA:252,1
DA:253,1
DA:254,1
DA:255,1
DA:256,1
DA:257,1
DA:258,1
DA:259,1
DA:261,1
DA:262,1
DA:263,1
DA:264,1
DA:265,1
DA:267,0
DA:268,0
DA:269,0
DA:270,0
DA:271,0
DA:272,0
DA:274,9
DA:275,9
DA:276,9
DA:277,9
DA:279,9
DA:280,9
DA:281,9
DA:283,9
DA:284,9
DA:285,9
DA:286,9
DA:287,9
DA:289,9
DA:290,9
DA:291,9
DA:292,9
DA:293,9
DA:295,9
DA:296,17
DA:297,10
DA:298,10
DA:299,170
DA:301,0
DA:302,0
DA:305,0
DA:306,0
DA:307,0
DA:308,52
DA:309,10
DA:310,9
DA:311,9
DA:312,10
DA:313,170
LF:242
LH:182
BRDA:33,0,0,180
BRDA:37,1,0,341
BRDA:39,2,0,0
BRDA:41,3,0,17
BRDA:49,4,0,154
BRDA:51,5,0,266
BRDA:53,6,0,0
BRDA:55,7,0,0
BRDA:56,8,0,0
BRDA:61,9,0,3
BRDA:62,10,0,2
BRDA:65,11,0,9
BRDA:72,12,0,10
BRDA:74,13,0,1
BRDA:66,14,0,1
BRDA:78,15,0,20
BRDA:100,16,0,170
BRDA:117,17,0,154
BRDA:119,18,0,0
BRDA:127,19,0,52
BRDA:127,20,0,16
BRDA:132,21,0,0
BRDA:134,22,0,16
BRDA:136,23,0,0
BRDA:138,24,0,16
BRDA:141,25,0,0
BRDA:142,26,0,52
BRDA:142,27,0,51
BRDA:142,28,0,2
BRDA:148,29,0,14
BRDA:150,30,0,0
BRDA:156,31,0,14
BRDA:165,32,0,2
BRDA:177,33,0,16
BRDA:177,34,0,10
BRDA:192,35,0,9
BRDA:194,36,0,10
BRDA:197,37,0,9
BRDA:198,38,0,1
BRDA:201,39,0,52
BRDA:201,40,0,0
BRDA:217,41,0,10
BRDA:226,42,0,0
BRDA:228,43,0,10
BRDA:238,44,0,1
BRDA:265,45,0,0
BRDA:272,46,0,17
BRDA:272,47,0,9
BRDA:296,48,0,10
BRDA:299,49,0,52
BRDA:299,50,0,0
BRDA:308,51,0,10
BRDA:309,52,0,9
BRDA:280,53,0,9
BRF:54
BRH:41
end_of_record
TN:
SF:src/layout/parseBlockOpener.ts
FN:11,parseBlockOpener
FNF:1
FNH:1
FNDA:64,parseBlockOpener
DA:1,1
DA:2,1
DA:8,1
DA:11,1
DA:12,64
DA:14,64
DA:15,28
DA:16,28
DA:18,36
DA:19,64
DA:20,3
DA:21,3
DA:22,3
DA:23,3
DA:24,3
DA:25,3
DA:27,33
DA:28,64
DA:29,1
DA:30,1
DA:31,1
DA:32,1
DA:33,1
DA:34,1
DA:36,32
DA:37,32
LF:26
LH:26
BRDA:11,0,0,64
BRDA:14,1,0,56
BRDA:14,2,0,28
BRDA:16,3,0,36
BRDA:19,4,0,3
BRDA:25,5,0,33
BRDA:28,6,0,1
BRDA:34,7,0,32
BRF:8
BRH:8
end_of_record
TN:
SF:src/layout/parseBlockStructures.ts
FN:22,parseBlockStructures
FNF:1
FNH:1
FNDA:29,parseBlockStructures
DA:1,1
DA:2,1
DA:3,1
DA:4,1
DA:22,1
DA:23,29
DA:24,29
DA:25,29
DA:26,29
DA:27,29
DA:28,29
DA:30,29
DA:31,29
DA:32,29
DA:34,29
DA:35,79
DA:36,79
DA:38,79
DA:39,79
DA:40,79
DA:42,79
DA:44,79
DA:45,1
DA:46,1
DA:47,1
DA:48,1
DA:49,1
DA:50,1
DA:52,57
DA:53,79
DA:54,27
DA:55,27
DA:56,1
DA:57,1
DA:58,1
DA:59,1
DA:60,1
DA:61,1
DA:63,26
DA:64,26
DA:65,26
DA:66,26
DA:67,26
DA:68,26
DA:69,26
DA:70,26
DA:71,26
DA:74,79
DA:75,0
DA:76,0
DA:77,0
DA:78,0
DA:79,0
DA:80,0
DA:82,79
DA:83,2
DA:84,2
DA:85,2
DA:86,2
DA:87,2
DA:88,2
DA:90,28
DA:91,28
DA:92,28
DA:93,28
DA:94,28
DA:95,28
DA:96,28
DA:98,29
DA:99,2
DA:100,2
DA:101,2
DA:102,2
DA:103,2
DA:104,2
DA:106,23
DA:107,23
LF:77
LH:71
BRDA:22,0,0,29
BRDA:28,1,0,0
BRDA:34,2,0,79
BRDA:36,3,0,0
BRDA:40,4,0,52
BRDA:42,5,0,21
BRDA:42,6,0,58
BRDA:44,7,0,27
BRDA:44,8,0,1
BRDA:50,9,0,57
BRDA:53,10,0,73
BRDA:53,11,0,27
BRDA:55,12,0,1
BRDA:61,13,0,26
BRDA:71,14,0,30
BRDA:74,15,0,0
BRDA:80,16,0,30
BRDA:82,17,0,2
BRDA:88,18,0,28
BRDA:96,19,0,25
BRDA:98,20,0,2
BRDA:104,21,0,23
BRF:22
BRH:19
end_of_record
TN:
SF:src/layout/parseExtendBlock.ts
FN:17,parseExtendBlock
FNF:1
FNH:1
FNDA:82,parseExtendBlock
DA:1,1
DA:2,1
DA:3,1
DA:17,1
DA:18,82
DA:19,82
DA:21,82
DA:22,82
DA:23,82
DA:26,57
DA:27,23
DA:28,1
DA:29,1
DA:30,1
DA:31,1
DA:32,1
DA:33,1
DA:34,23
DA:36,19
DA:37,19
DA:38,19
DA:39,19
DA:40,19
LF:23
LH:23
BRDA:17,0,0,82
BRDA:19,1,0,0
BRDA:23,2,0,62
BRDA:23,3,0,61
BRDA:23,4,0,57
BRDA:23,5,0,20
BRDA:26,6,0,23
BRDA:27,7,0,1
BRDA:34,8,0,19
BRF:9
BRH:8
end_of_record
TN:
SF:src/layout/parseExtendDirective.ts
FN:8,parseExtendDirective
FNF:1
FNH:1
FNDA:468,parseExtendDirective
DA:1,1
DA:8,1
DA:9,468
DA:12,468
DA:13,206
DA:14,1
DA:15,1
DA:16,1
DA:17,1
DA:18,1
DA:19,1
DA:21,59
DA:22,206
DA:23,1
DA:24,1
DA:25,1
DA:26,1
DA:27,1
DA:28,1
DA:30,58
DA:31,206
DA:32,0
DA:33,0
DA:34,0
DA:35,0
DA:36,0
DA:37,0
DA:39,58
DA:40,58
LF:29
LH:23
BRDA:8,0,0,468
BRDA:12,1,0,408
BRDA:12,2,0,206
BRDA:12,3,0,60
BRDA:13,4,0,1
BRDA:19,5,0,59
BRDA:22,6,0,1
BRDA:28,7,0,58
BRDA:31,8,0,0
BRDA:37,9,0,58
BRF:10
BRH:9
end_of_record
TN:
SF:src/logic/executeDeclaration.ts
FN:10,executeDeclaration
FNF:1
FNH:1
FNDA:95,executeDeclaration
DA:1,1
DA:2,1
DA:10,95
DA:11,95
DA:12,95
DA:13,95
DA:14,95
DA:15,95
DA:16,95
DA:18,95
DA:19,95
DA:20,46
DA:21,0
DA:22,0
DA:23,0
DA:24,0
DA:25,0
DA:26,0
DA:27,0
DA:28,0
DA:29,46
DA:30,46
DA:31,46
DA:32,46
DA:33,95
DA:34,16
DA:35,16
DA:36,16
DA:37,95
DA:38,33
DA:39,1
DA:40,1
DA:41,1
DA:42,1
DA:43,1
DA:44,1
DA:45,1
DA:46,1
DA:47,33
DA:48,1
DA:49,1
DA:50,1
DA:51,1
DA:52,1
DA:53,1
DA:54,1
DA:55,1
DA:56,31
DA:57,31
DA:58,31
DA:59,95
DA:60,95
LF:52
LH:44
BRDA:10,0,0,95
BRDA:19,1,0,46
BRDA:20,2,0,0
BRDA:33,3,0,16
BRDA:37,4,0,33
BRDA:38,5,0,1
BRDA:46,6,0,32
BRDA:47,7,0,1
BRDA:55,8,0,31
BRF:9
BRH:8
end_of_record
TN:
SF:src/logic/executeDeclarations.ts
FN:25,executeDeclarations
FN:51,onUpdate
FNF:2
FNH:2
FNDA:177,executeDeclarations
FNDA:67,onUpdate
DA:1,1
DA:3,1
DA:8,1
DA:9,1
DA:13,1
DA:14,1
DA:15,1
DA:25,177
DA:26,177
DA:27,177
DA:28,177
DA:29,177
DA:30,177
DA:32,177
DA:33,2
DA:34,2
DA:35,2
DA:36,2
DA:37,2
DA:38,2
DA:39,0
DA:40,2
DA:41,2
DA:42,2
DA:44,175
DA:45,177
DA:46,77
DA:47,77
DA:49,98
DA:50,98
DA:51,98
DA:52,67
DA:53,67
DA:54,98
DA:55,98
DA:57,139
DA:58,349
DA:59,349
DA:60,218
DA:61,218
DA:63,349
DA:64,35
DA:65,35
DA:67,349
DA:68,18
DA:69,18
DA:71,78
DA:72,341
DA:73,17
DA:74,13
DA:75,13
DA:76,13
DA:77,13
DA:78,13
DA:79,13
DA:80,13
DA:81,13
DA:82,13
DA:83,13
DA:86,17
DA:87,17
DA:88,17
DA:89,17
DA:90,17
DA:91,17
DA:92,17
DA:94,61
DA:95,244
DA:96,33
DA:97,33
DA:98,33
DA:99,0
DA:100,0
DA:101,0
DA:102,0
DA:103,0
DA:104,0
DA:106,28
DA:107,28
DA:108,28
DA:109,28
DA:110,28
DA:111,28
DA:113,27
DA:114,27
DA:115,27
DA:116,27
DA:117,27
DA:118,27
DA:119,27
DA:121,97
DA:122,97
LF:92
LH:85
BRDA:25,0,0,177
BRDA:30,1,0,4
BRDA:32,2,0,2
BRDA:38,3,0,0
BRDA:42,4,0,175
BRDA:45,5,0,77
BRDA:47,6,0,170
BRDA:47,7,0,139
BRDA:47,8,0,98
BRDA:57,9,0,349
BRDA:59,10,0,324
BRDA:59,11,0,218
BRDA:61,12,0,251
BRDA:61,13,0,131
BRDA:63,14,0,106
BRDA:63,15,0,343
BRDA:63,16,0,35
BRDA:65,17,0,224
BRDA:65,18,0,96
BRDA:67,19,0,71
BRDA:67,20,0,341
BRDA:67,21,0,294
BRDA:67,22,0,18
BRDA:69,23,0,78
BRDA:72,24,0,326
BRDA:72,25,0,17
BRDA:73,26,0,13
BRDA:92,27,0,244
BRDA:92,28,0,61
BRDA:95,29,0,33
BRDA:98,30,0,0
BRDA:104,31,0,30
BRDA:104,32,0,28
BRDA:111,33,0,27
BRDA:119,34,0,97
BRDA:51,35,0,67
BRF:36
BRH:34
end_of_record
TN:
SF:src/logic/executeStatement.ts
FN:12,isFalsy
FN:16,executeStatement
FN:137,executeStatementList
FNF:3
FNH:3
FNDA:27,isFalsy
FNDA:105,executeStatement
FNDA:44,executeStatementList
DA:1,1
DA:2,1
DA:4,1
DA:12,27
DA:13,27
DA:14,27
DA:16,105
DA:17,105
DA:18,105
DA:19,105
DA:20,105
DA:21,105
DA:23,105
DA:24,105
DA:25,105
DA:26,105
DA:27,88
DA:28,88
DA:29,88
DA:30,88
DA:31,105
DA:32,8
DA:33,0
DA:34,0
DA:35,0
DA:36,0
DA:37,0
DA:38,0
DA:39,0
DA:40,0
DA:41,8
DA:42,0
DA:43,0
DA:44,0
DA:45,0
DA:46,0
DA:47,0
DA:48,0
DA:49,0
DA:50,8
DA:51,8
DA:52,8
DA:53,8
DA:54,8
DA:55,8
DA:56,8
DA:57,105
DA:58,1
DA:59,0
DA:60,0
DA:61,0
DA:62,0
DA:63,0
DA:64,0
DA:65,0
DA:66,0
DA:67,1
DA:68,0
DA:69,0
DA:70,0
DA:71,0
DA:72,0
DA:73,0
DA:74,0
DA:75,0
DA:76,1
DA:77,1
DA:78,1
DA:79,1
DA:80,1
DA:81,1
DA:82,1
DA:83,1
DA:84,1
DA:85,0
DA:86,0
DA:87,1
DA:88,0
DA:89,0
DA:90,1
DA:91,0
DA:92,0
DA:93,1
DA:94,1
DA:95,1
DA:96,1
DA:97,1
DA:98,105
DA:99,6
DA:100,6
DA:101,6
DA:102,6
DA:103,21
DA:104,21
DA:105,21
DA:106,21
DA:107,21
DA:108,6
DA:109,6
DA:110,15
DA:111,15
DA:112,15
DA:113,15
DA:114,15
DA:115,15
DA:116,21
DA:117,6
DA:118,6
DA:119,105
DA:120,2
DA:121,6
DA:122,6
DA:123,6
DA:124,6
DA:125,6
DA:126,6
DA:127,6
DA:128,6
DA:129,2
DA:130,2
DA:131,2
DA:132,2
DA:133,2
DA:134,105
DA:135,105
DA:137,44
DA:138,44
DA:139,44
DA:140,44
DA:141,44
DA:142,44
DA:143,63
DA:144,63
DA:145,44
LF:134
LH:96
BRDA:12,0,0,27
BRDA:16,1,0,105
BRDA:24,2,0,45
BRDA:25,3,0,59
BRDA:26,4,0,88
BRDA:28,5,0,67
BRDA:31,6,0,8
BRDA:32,7,0,0
BRDA:41,8,0,0
BRDA:52,9,0,0
BRDA:54,10,0,0
BRDA:57,11,0,1
BRDA:58,12,0,0
BRDA:67,13,0,0
BRDA:84,14,0,0
BRDA:87,15,0,0
BRDA:90,16,0,0
BRDA:95,17,0,0
BRDA:98,18,0,6
BRDA:102,19,0,21
BRDA:107,20,0,6
BRDA:109,21,0,15
BRDA:119,22,0,2
BRDA:120,23,0,6
BRDA:128,24,0,2
BRDA:137,25,0,44
BRDA:142,26,0,63
BRF:27
BRH:17
end_of_record
TN:
SF:src/logic/hgBlockUtils.ts
FN:3,extractHgBlockLines
FN:15,isControlDirectiveLine
FN:19,isSingleLineControlBlock
FNF:3
FNH:2
FNDA:1789,extractHgBlockLines
FNDA:662,isControlDirectiveLine
FNDA:0,isSingleLineControlBlock
DA:1,1
DA:3,1
DA:4,1789
DA:6,1789
DA:7,1789
DA:8,1789
DA:9,1789
DA:10,1789
DA:12,1
DA:13,1
DA:15,1
DA:16,662
DA:17,662
DA:19,1
DA:20,0
DA:21,0
DA:22,0
LF:17
LH:14
BRDA:3,0,0,1789
BRDA:8,1,0,1928
BRDA:9,2,0,1928
BRDA:15,3,0,662
BRF:4
BRH:4
end_of_record
TN:
SF:src/logic/parseDeclaration.ts
FN:7,parseError
FN:15,parseDeclaration
FN:69,parseDeclarationStatements
FN:83,splitStatements
FN:140,isDeclarationSource
FNF:5
FNH:5
FNDA:2,parseError
FNDA:21,parseDeclaration
FNDA:1,parseDeclarationStatements
FNDA:1,splitStatements
FNDA:112,isDeclarationSource
DA:1,1
DA:2,1
DA:4,1
DA:5,1
DA:7,2
DA:8,2
DA:9,2
DA:10,2
DA:11,2
DA:12,2
DA:13,2
DA:15,1
DA:16,21
DA:17,21
DA:18,21
DA:19,21
DA:20,21
DA:21,1
DA:22,1
DA:24,20
DA:25,21
DA:26,9
DA:27,9
DA:28,1
DA:29,1
DA:30,8
DA:31,8
DA:32,8
DA:33,8
DA:34,8
DA:35,8
DA:36,8
DA:38,11
DA:39,21
DA:40,4
DA:41,4
DA:42,0
DA:43,0
DA:44,4
DA:45,4
DA:46,4
DA:47,4
DA:48,4
DA:49,4
DA:50,4
DA:52,7
DA:53,7
DA:54,7
DA:55,7
DA:56,0
DA:57,0
DA:58,7
DA:59,7
DA:60,7
DA:61,7
DA:62,7
DA:63,7
DA:64,7
DA:66,0
DA:67,0
DA:69,1
DA:70,1
DA:71,1
DA:72,1
DA:73,1
DA:74,1
DA:76,1
DA:77,0
DA:78,0
DA:80,1
DA:81,1
DA:83,1
DA:84,1
DA:85,1
DA:86,1
DA:87,1
DA:88,1
DA:90,1
DA:91,29
DA:93,29
DA:94,0
DA:95,0
DA:96,0
DA:97,0
DA:98,0
DA:99,0
DA:101,29
DA:102,0
DA:103,0
DA:104,0
DA:105,0
DA:106,0
DA:108,29
DA:109,0
DA:110,0
DA:111,0
DA:112,0
DA:114,29
DA:115,0
DA:116,0
DA:117,0
DA:118,0
DA:120,29
DA:121,2
DA:122,2
DA:123,2
DA:124,2
DA:125,2
DA:126,2
DA:127,2
DA:129,27
DA:130,27
DA:132,1
DA:133,1
DA:134,1
DA:135,1
DA:137,1
DA:138,1
DA:140,1
DA:141,112
DA:142,112
DA:143,0
DA:144,0
DA:146,112
DA:147,112
DA:148,110
DA:149,110
DA:151,112
LF:128
LH:99
BRDA:7,0,0,2
BRDA:15,1,0,21
BRDA:20,2,0,1
BRDA:22,3,0,20
BRDA:25,4,0,9
BRDA:27,5,0,1
BRDA:29,6,0,8
BRDA:36,7,0,11
BRDA:39,8,0,4
BRDA:41,9,0,0
BRDA:50,10,0,7
BRDA:55,11,0,0
BRDA:64,12,0,0
BRDA:69,13,0,1
BRDA:76,14,0,0
BRDA:80,15,0,3
BRDA:83,16,0,1
BRDA:90,17,0,29
BRDA:93,18,0,0
BRDA:101,19,0,0
BRDA:108,20,0,0
BRDA:114,21,0,0
BRDA:120,22,0,27
BRDA:120,23,0,2
BRDA:120,24,0,2
BRDA:127,25,0,27
BRDA:140,26,0,112
BRDA:142,27,0,0
BRDA:147,28,0,110
BRDA:148,29,0,110
BRF:30
BRH:21
end_of_record
TN:
SF:src/logic/parseStatement.ts
FN:11,parseError
FN:19,parseStatementList
FN:43,isExecutableBlockSource
FN:59,<instance_members_initializer>
FN:62,StatementParser
FN:67,get position
FN:71,hasMore
FN:76,skipWhitespace
FN:82,parseStatementList
FN:94,parseStatement
FN:113,parseSimpleStatement
FN:166,readPrefixUpdate
FN:180,parseBindingDeclaration
FN:198,parseFor
FN:248,parseDoWhile
FN:274,parseClauseStatement
FN:287,assertAssignableName
FN:296,readExpressionSourceUntilTerminator
FN:356,readBalanced
FN:406,readCompoundOp
FN:417,skipOptionalSemicolon
FN:424,match
FN:433,matchWord
FN:446,peek
FN:450,readIdentifier
FN:468,splitForHeader
FNF:26
FNH:25
FNDA:6,parseError
FNDA:50,parseStatementList
FNDA:171,isExecutableBlockSource
FNDA:62,<instance_members_initializer>
FNDA:62,StatementParser
FNDA:0,get position
FNDA:186,hasMore
FNDA:1459,skipWhitespace
FNDA:58,parseStatementList
FNDA:78,parseStatement
FNDA:77,parseSimpleStatement
FNDA:77,readPrefixUpdate
FNDA:60,parseBindingDeclaration
FNDA:9,parseFor
FNDA:2,parseDoWhile
FNDA:12,parseClauseStatement
FNDA:77,assertAssignableName
FNDA:72,readExpressionSourceUntilTerminator
FNDA:11,readBalanced
FNDA:12,readCompoundOp
FNDA:72,skipOptionalSemicolon
FNDA:324,match
FNDA:323,matchWord
FNDA:245,peek
FNDA:77,readIdentifier
FNDA:9,splitForHeader
DA:1,1
DA:2,1
DA:8,1
DA:9,1
DA:11,6
DA:12,6
DA:13,6
DA:14,6
DA:15,6
DA:16,6
DA:17,6
DA:19,1
DA:20,50
DA:21,50
DA:22,50
DA:23,50
DA:24,50
DA:25,0
DA:26,0
DA:28,50
DA:29,50
DA:30,50
DA:31,50
DA:32,0
DA:33,0
DA:34,0
DA:35,0
DA:36,0
DA:37,50
DA:38,0
DA:39,0
DA:40,44
DA:41,44
DA:43,1
DA:44,171
DA:45,171
DA:46,0
DA:47,0
DA:49,171
DA:50,171
DA:51,147
DA:52,143
DA:53,143
DA:54,143
DA:55,143
DA:57,171
DA:59,1
DA:60,62
DA:62,62
DA:63,62
DA:64,62
DA:65,62
DA:67,62
DA:68,0
DA:69,0
DA:71,62
DA:72,186
DA:73,186
DA:74,186
DA:76,62
DA:77,1459
DA:78,356
DA:79,356
DA:80,1459
DA:82,62
DA:83,58
DA:84,58
DA:85,85
DA:86,7
DA:87,7
DA:88,78
DA:89,78
DA:90,78
DA:91,52
DA:92,58
DA:94,62
DA:95,78
DA:97,78
DA:98,9
DA:99,9
DA:100,78
DA:101,2
DA:102,2
DA:103,78
DA:104,2
DA:105,2
DA:106,2
DA:107,2
DA:108,2
DA:110,65
DA:111,78
DA:113,62
DA:114,77
DA:116,77
DA:117,77
DA:118,1
DA:119,1
DA:121,77
DA:122,45
DA:123,45
DA:124,52
DA:125,15
DA:126,15
DA:128,16
DA:129,52
DA:130,0
DA:131,0
DA:132,16
DA:133,16
DA:135,77
DA:136,4
DA:137,4
DA:138,4
DA:140,12
DA:141,52
DA:142,1
DA:143,1
DA:144,1
DA:145,1
DA:146,1
DA:147,1
DA:148,1
DA:149,1
DA:151,11
DA:152,11
DA:153,0
DA:154,0
DA:155,11
DA:156,11
DA:157,11
DA:158,11
DA:159,11
DA:160,11
DA:161,11
DA:163,0
DA:164,77
DA:166,62
DA:167,77
DA:168,77
DA:169,1
DA:170,1
DA:171,1
DA:172,0
DA:173,0
DA:174,1
DA:175,1
DA:176,1
DA:177,76
DA:178,77
DA:180,62
DA:181,60
DA:182,60
DA:183,0
DA:184,0
DA:185,60
DA:186,60
DA:187,60
DA:188,0
DA:189,0
DA:190,60
DA:191,60
DA:192,60
DA:193,60
DA:194,60
DA:195,60
DA:196,60
DA:198,62
DA:199,9
DA:200,9
DA:201,0
DA:202,0
DA:204,9
DA:205,9
DA:206,9
DA:207,2
DA:208,2
DA:209,2
DA:210,2
DA:211,2
DA:213,7
DA:214,9
DA:215,1
DA:216,1
DA:218,9
DA:219,0
DA:220,0
DA:221,0
DA:222,0
DA:223,0
DA:225,6
DA:226,6
DA:227,0
DA:228,6
DA:229,9
DA:230,9
DA:231,9
DA:232,0
DA:233,6
DA:235,9
DA:236,9
DA:237,0
DA:238,0
DA:239,6
DA:240,6
DA:241,9
DA:242,1
DA:243,1
DA:245,5
DA:246,9
DA:248,62
DA:249,2
DA:250,2
DA:251,0
DA:252,0
DA:253,2
DA:254,2
DA:255,2
DA:256,0
DA:257,0
DA:258,2
DA:259,2
DA:260,0
DA:261,0
DA:262,2
DA:263,2
DA:264,0
DA:265,0
DA:266,2
DA:267,2
DA:268,0
DA:269,0
DA:270,2
DA:271,2
DA:272,2
DA:274,62
DA:275,12
DA:276,12
DA:277,12
DA:278,12
DA:279,0
DA:280,0
DA:281,0
DA:282,0
DA:283,0
DA:284,12
DA:285,12
DA:287,62
DA:288,77
DA:289,0
DA:290,0
DA:291,0
DA:292,0
DA:293,0
DA:294,77
DA:296,62
DA:297,72
DA:298,72
DA:299,72
DA:300,72
DA:301,72
DA:302,72
DA:304,72
DA:305,1058
DA:307,1058
DA:308,483
DA:309,6
DA:310,6
DA:311,6
DA:312,483
DA:313,54
DA:314,54
DA:315,477
DA:316,477
DA:317,477
DA:319,1058
DA:320,54
DA:321,54
DA:322,54
DA:323,54
DA:325,521
DA:326,1058
DA:327,521
DA:328,1058
DA:329,13
DA:330,0
DA:331,0
DA:332,13
DA:333,13
DA:334,521
DA:335,1058
DA:337,521
DA:338,521
DA:339,41
DA:340,41
DA:341,41
DA:342,1058
DA:343,24
DA:344,24
DA:346,497
DA:347,497
DA:349,72
DA:350,72
DA:351,0
DA:352,0
DA:353,72
DA:354,72
DA:356,62
DA:357,11
DA:358,11
DA:359,11
DA:360,11
DA:362,11
DA:363,179
DA:365,179
DA:366,0
DA:367,0
DA:368,0
DA:369,0
DA:370,0
DA:371,0
DA:372,0
DA:373,0
DA:374,0
DA:375,0
DA:377,179
DA:378,0
DA:379,0
DA:380,0
DA:381,0
DA:383,179
DA:384,0
DA:385,0
DA:386,0
DA:387,0
DA:389,179
DA:390,11
DA:391,11
DA:392,11
DA:393,11
DA:394,11
DA:395,11
DA:396,0
DA:397,0
DA:398,0
DA:400,168
DA:401,168
DA:403,0
DA:404,11
DA:406,62
DA:407,12
DA:408,12
DA:409,12
DA:410,45
DA:411,1
DA:412,1
DA:413,45
DA:414,11
DA:415,12
DA:417,62
DA:418,72
DA:419,72
DA:420,0
DA:421,0
DA:422,72
DA:424,62
DA:425,324
DA:426,324
DA:427,103
DA:428,103
DA:429,103
DA:430,221
DA:431,324
DA:433,62
DA:434,323
DA:435,323
DA:436,248
DA:437,248
DA:438,75
DA:439,323
DA:440,0
DA:441,0
DA:442,75
DA:443,75
DA:444,323
DA:446,62
DA:447,245
DA:448,245
DA:450,62
DA:451,77
DA:452,77
DA:453,77
DA:454,77
DA:455,0
DA:456,0
DA:457,77
DA:458,77
DA:459,77
DA:460,288
DA:461,77
DA:462,211
DA:463,211
DA:464,77
DA:465,77
DA:466,62
DA:468,9
DA:469,9
DA:470,9
DA:471,9
DA:472,9
DA:474,9
DA:475,158
DA:477,158
DA:478,0
DA:479,0
DA:480,0
DA:481,0
DA:482,0
DA:483,0
DA:484,0
DA:485,0
DA:486,0
DA:487,0
DA:489,158
DA:490,0
DA:491,0
DA:492,0
DA:493,0
DA:495,158
DA:496,0
DA:497,0
DA:498,0
DA:499,0
DA:501,158
DA:502,0
DA:503,0
DA:504,0
DA:505,0
DA:507,158
DA:508,14
DA:509,14
DA:510,14
DA:511,14
DA:513,144
DA:514,144
DA:516,9
DA:517,9
DA:518,9
LF:447
LH:338
BRDA:11,0,0,6
BRDA:19,1,0,50
BRDA:24,2,0,0
BRDA:31,3,0,0
BRDA:36,4,0,44
BRDA:37,5,0,0
BRDA:39,6,0,44
BRDA:43,7,0,171
BRDA:45,8,0,0
BRDA:50,9,0,147
BRDA:51,10,0,143
BRDA:52,11,0,143
BRDA:53,12,0,143
BRDA:54,13,0,143
BRDA:59,14,0,62
BRDA:62,15,0,62
BRDA:71,16,0,186
BRDA:76,17,0,1459
BRDA:77,18,0,1611
BRDA:77,19,0,356
BRDA:82,20,0,58
BRDA:84,21,0,85
BRDA:85,22,0,7
BRDA:87,23,0,78
BRDA:90,24,0,52
BRDA:94,25,0,78
BRDA:97,26,0,9
BRDA:99,27,0,69
BRDA:100,28,0,2
BRDA:102,29,0,67
BRDA:103,30,0,2
BRDA:108,31,0,65
BRDA:113,32,0,77
BRDA:117,33,0,1
BRDA:119,34,0,76
BRDA:121,35,0,45
BRDA:123,36,0,52
BRDA:123,37,0,31
BRDA:124,38,0,33
BRDA:124,39,0,15
BRDA:126,40,0,16
BRDA:129,41,0,0
BRDA:131,42,0,25
BRDA:131,43,0,16
BRDA:135,44,0,12
BRDA:135,45,0,52
BRDA:135,46,0,4
BRDA:138,47,0,12
BRDA:141,48,0,1
BRDA:149,49,0,11
BRDA:152,50,0,0
BRDA:161,51,0,0
BRDA:166,52,0,77
BRDA:168,53,0,76
BRDA:168,54,0,1
BRDA:171,55,0,0
BRDA:176,56,0,76
BRDA:180,57,0,60
BRDA:182,58,0,0
BRDA:187,59,0,0
BRDA:198,60,0,9
BRDA:200,61,0,0
BRDA:206,62,0,2
BRDA:211,63,0,7
BRDA:214,64,0,1
BRDA:216,65,0,6
BRDA:218,66,0,0
BRDA:223,67,0,6
BRDA:226,68,0,0
BRDA:227,69,0,6
BRDA:231,70,0,0
BRDA:232,71,0,6
BRDA:236,72,0,0
BRDA:238,73,0,6
BRDA:241,74,0,1
BRDA:243,75,0,5
BRDA:248,76,0,2
BRDA:250,77,0,0
BRDA:255,78,0,0
BRDA:259,79,0,0
BRDA:263,80,0,0
BRDA:267,81,0,0
BRDA:274,82,0,12
BRDA:278,83,0,0
BRDA:287,84,0,77
BRDA:288,85,0,0
BRDA:296,86,0,72
BRDA:304,87,0,1058
BRDA:307,88,0,483
BRDA:308,89,0,6
BRDA:311,90,0,477
BRDA:312,91,0,54
BRDA:314,92,0,477
BRDA:317,93,0,575
BRDA:319,94,0,522
BRDA:319,95,0,522
BRDA:319,96,0,54
BRDA:323,97,0,521
BRDA:325,98,0,0
BRDA:325,99,0,521
BRDA:326,100,0,0
BRDA:326,101,0,521
BRDA:327,102,0,13
BRDA:327,103,0,521
BRDA:328,104,0,13
BRDA:329,105,0,0
BRDA:329,106,0,0
BRDA:329,107,0,0
BRDA:333,108,0,521
BRDA:334,109,0,10
BRDA:334,110,0,521
BRDA:335,111,0,10
BRDA:335,112,0,521
BRDA:338,113,0,41
BRDA:339,114,0,41
BRDA:340,115,0,41
BRDA:342,116,0,24
BRDA:344,117,0,497
BRDA:350,118,0,0
BRDA:356,119,0,11
BRDA:357,120,0,0
BRDA:362,121,0,179
BRDA:365,122,0,0
BRDA:377,123,0,0
BRDA:383,124,0,0
BRDA:389,125,0,11
BRDA:395,126,0,0
BRDA:398,127,0,168
BRDA:401,128,0,0
BRDA:406,129,0,12
BRDA:409,130,0,45
BRDA:410,131,0,1
BRDA:413,132,0,11
BRDA:417,133,0,72
BRDA:419,134,0,0
BRDA:424,135,0,324
BRDA:426,136,0,103
BRDA:429,137,0,221
BRDA:433,138,0,323
BRDA:435,139,0,248
BRDA:437,140,0,75
BRDA:439,141,0,0
BRDA:441,142,0,75
BRDA:446,143,0,245
BRDA:447,144,0,45
BRDA:450,145,0,77
BRDA:454,146,0,0
BRDA:459,147,0,288
BRDA:461,148,0,211
BRDA:468,149,0,9
BRDA:474,150,0,158
BRDA:477,151,0,0
BRDA:489,152,0,0
BRDA:495,153,0,0
BRDA:501,154,0,0
BRDA:507,155,0,14
BRDA:507,156,0,14
BRDA:511,157,0,144
BRF:158
BRH:117
end_of_record
TN:
SF:src/logic/reservedWords.ts
FN:20,isReservedWord
FNF:1
FNH:1
FNDA:130,isReservedWord
DA:1,1
DA:2,1
DA:3,1
DA:4,1
DA:5,1
DA:6,1
DA:7,1
DA:8,1
DA:9,1
DA:10,1
DA:11,1
DA:12,1
DA:13,1
DA:14,1
DA:15,1
DA:16,1
DA:17,1
DA:18,1
DA:20,1
DA:21,130
DA:22,130
LF:21
LH:21
BRDA:20,0,0,130
BRF:1
BRH:1
end_of_record
TN:
SF:src/logic/stripComments.ts
FN:2,stripComments
FNF:1
FNH:1
FNDA:355,stripComments
DA:2,1
DA:3,355
DA:4,355
DA:5,355
DA:7,355
DA:8,9509
DA:10,9509
DA:11,772
DA:12,772
DA:13,6
DA:14,6
DA:15,6
DA:16,6
DA:17,772
DA:18,101
DA:19,101
DA:20,766
DA:21,766
DA:22,766
DA:24,9509
DA:25,101
DA:26,101
DA:27,101
DA:28,101
DA:29,101
DA:31,9509
DA:32,9
DA:33,204
DA:34,204
DA:35,9
DA:36,9
DA:38,9509
DA:39,1
DA:40,1
DA:41,0
DA:42,0
DA:43,1
DA:44,1
DA:45,1
DA:47,8626
DA:48,8626
DA:49,8626
DA:51,355
DA:52,355
LF:44
LH:42
BRDA:2,0,0,355
BRDA:7,1,0,9509
BRDA:10,2,0,772
BRDA:12,3,0,6
BRDA:12,4,0,6
BRDA:16,5,0,766
BRDA:17,6,0,101
BRDA:19,7,0,766
BRDA:22,8,0,8737
BRDA:24,9,0,8638
BRDA:24,10,0,8638
BRDA:24,11,0,101
BRDA:29,12,0,8636
BRDA:31,13,0,9
BRDA:32,14,0,204
BRDA:32,15,0,204
BRDA:36,16,0,8627
BRDA:38,17,0,1
BRDA:40,18,0,0
BRDA:45,19,0,8626
BRF:20
BRH:19
end_of_record
TN:
SF:src/parse/hgMarkers.ts
FN:3,countOccurrences
FN:18,classifyHgMarkers
FN:50,stripHgMarkers
FNF:3
FNH:3
FNDA:2452,countOccurrences
FNDA:2452,classifyHgMarkers
FNDA:1890,stripHgMarkers
DA:3,2452
DA:4,2452
DA:5,2452
DA:6,2452
DA:7,2470
DA:8,2470
DA:9,2432
DA:10,2432
DA:11,38
DA:12,38
DA:13,38
DA:14,2452
DA:15,2452
DA:18,1
DA:19,2452
DA:20,2452
DA:21,2452
DA:23,2452
DA:24,2421
DA:25,0
DA:26,0
DA:27,2421
DA:28,2421
DA:30,2452
DA:31,16
DA:32,16
DA:34,2452
DA:35,4
DA:36,4
DA:38,2452
DA:39,7
DA:40,7
DA:42,2452
DA:43,2
DA:44,2
DA:46,2
DA:47,2
DA:50,1
DA:51,1890
DA:52,1890
LF:40
LH:38
BRDA:3,0,0,2452
BRDA:6,1,0,2470
BRDA:8,2,0,2432
BRDA:10,3,0,38
BRDA:18,4,0,2452
BRDA:23,5,0,2432
BRDA:23,6,0,2421
BRDA:24,7,0,0
BRDA:28,8,0,102
BRDA:28,9,0,31
BRDA:30,10,0,16
BRDA:30,11,0,16
BRDA:30,12,0,222
BRDA:30,13,0,16
BRDA:32,14,0,93
BRDA:32,15,0,15
BRDA:34,16,0,4
BRDA:34,17,0,11
BRDA:34,18,0,36
BRDA:34,19,0,4
BRDA:36,20,0,23
BRDA:36,21,0,11
BRDA:38,22,0,7
BRDA:38,23,0,70
BRDA:38,24,0,7
BRDA:40,25,0,17
BRDA:40,26,0,4
BRDA:42,27,0,2
BRDA:42,28,0,2
BRDA:50,29,0,1890
BRF:30
BRH:29
end_of_record
TN:
SF:src/parse/parseComponentDirective.ts
FN:13,parseComponentDirective
FNF:1
FNH:1
FNDA:30,parseComponentDirective
DA:1,1
DA:2,1
DA:10,1
DA:11,1
DA:13,1
DA:14,30
DA:15,30
DA:16,30
DA:17,30
DA:19,30
DA:20,0
DA:21,0
DA:22,0
DA:23,0
DA:24,0
DA:25,0
DA:27,30
DA:28,30
DA:29,30
DA:30,30
DA:32,30
DA:33,0
DA:34,0
DA:35,0
DA:36,0
DA:37,0
DA:38,0
DA:39,0
DA:40,0
DA:42,30
DA:43,30
DA:44,1
DA:45,1
DA:46,1
DA:47,1
DA:48,1
DA:49,1
DA:51,29
DA:52,30
DA:53,2
DA:54,2
DA:55,2
DA:56,2
DA:57,2
DA:58,2
DA:60,27
DA:61,30
DA:62,0
DA:63,0
DA:64,0
DA:65,0
DA:66,0
DA:67,0
DA:69,27
DA:70,27
DA:71,27
DA:72,27
DA:73,27
DA:74,27
LF:59
LH:39
BRDA:13,0,0,30
BRDA:19,1,0,0
BRDA:32,2,0,0
BRDA:43,3,0,1
BRDA:49,4,0,29
BRDA:52,5,0,2
BRDA:58,6,0,27
BRDA:61,7,0,0
BRDA:67,8,0,27
BRDA:29,9,0,30
BRDA:30,10,0,30
BRF:11
BRH:8
end_of_record
TN:
SF:src/parse/parseIncludeDirective.ts
FN:5,parseIncludeDirective
FNF:1
FNH:1
FNDA:71,parseIncludeDirective
DA:1,1
DA:3,1
DA:5,1
DA:6,71
DA:7,71
DA:8,71
DA:9,71
DA:10,71
DA:11,1
DA:12,1
DA:13,1
DA:14,1
DA:15,1
DA:16,1
DA:18,70
DA:19,70
DA:20,70
DA:21,70
DA:23,71
DA:24,1
DA:25,1
DA:26,1
DA:27,1
DA:28,1
DA:29,1
DA:31,69
DA:32,69
DA:33,71
DA:34,67
DA:35,67
DA:37,2
DA:38,2
DA:39,2
DA:40,2
DA:41,2
DA:42,2
LF:36
LH:36
BRDA:5,0,0,71
BRDA:10,1,0,1
BRDA:16,2,0,70
BRDA:23,3,0,1
BRDA:29,4,0,69
BRDA:33,5,0,67
BRDA:35,6,0,2
BRDA:20,7,0,71
BRDA:21,8,0,71
BRF:9
BRH:9
end_of_record
TN:
SF:src/parse/scanHgBlocks.ts
FN:4,isInsideCodeFence
FN:21,scanHgBlocks
FN:64,findUnclosedHgBlock
FN:96,describeHgBlockMarkerError
FNF:4
FNH:4
FNDA:2471,isInsideCodeFence
FNDA:1130,scanHgBlocks
FNDA:408,findUnclosedHgBlock
FNDA:4,describeHgBlockMarkerError
DA:2,1
DA:4,2471
DA:5,2471
DA:6,2471
DA:8,2471
DA:9,2012
DA:10,2012
DA:11,1994
DA:12,1994
DA:13,18
DA:14,18
DA:15,18
DA:17,2471
DA:18,2471
DA:21,1
DA:22,1130
DA:23,1130
DA:25,1130
DA:26,2780
DA:27,2780
DA:28,1011
DA:29,1011
DA:31,2743
DA:32,14
DA:33,14
DA:34,14
DA:36,1755
DA:37,2743
DA:38,1
DA:39,1
DA:41,1754
DA:42,1754
DA:43,1754
DA:45,2780
DA:46,1749
DA:47,1749
DA:48,1749
DA:49,1749
DA:50,1749
DA:51,1749
DA:52,1749
DA:54,1754
DA:55,1754
DA:57,1130
DA:58,1130
DA:64,1
DA:65,408
DA:67,408
DA:68,1053
DA:69,1053
DA:70,355
DA:71,355
DA:73,1053
DA:74,4
DA:75,4
DA:76,4
DA:78,694
DA:79,1040
DA:80,0
DA:81,0
DA:83,694
DA:84,694
DA:85,1053
DA:86,6
DA:87,6
DA:89,688
DA:90,688
DA:92,47
DA:93,47
DA:96,1
DA:97,4
DA:99,4
DA:100,4
DA:101,4
DA:102,0
DA:103,0
DA:105,4
DA:106,0
DA:107,0
DA:108,0
DA:110,4
DA:111,4
DA:112,0
DA:113,0
DA:115,4
DA:116,4
DA:117,4
DA:118,1
DA:119,1
DA:120,3
DA:121,3
DA:122,3
DA:124,0
DA:125,0
DA:127,0
DA:128,0
LF:96
LH:83
BRDA:4,0,0,2471
BRDA:8,1,0,2012
BRDA:10,2,0,36
BRDA:10,3,0,1994
BRDA:12,4,0,18
BRDA:21,5,0,1130
BRDA:25,6,0,2780
BRDA:27,7,0,1011
BRDA:29,8,0,2743
BRDA:29,9,0,1769
BRDA:31,10,0,14
BRDA:34,11,0,1755
BRDA:37,12,0,1
BRDA:39,13,0,1754
BRDA:45,14,0,16
BRDA:45,15,0,1764
BRDA:45,16,0,1749
BRDA:52,17,0,1754
BRDA:64,18,0,408
BRDA:67,19,0,1053
BRDA:69,20,0,1036
BRDA:69,21,0,355
BRDA:71,22,0,698
BRDA:73,23,0,1040
BRDA:73,24,0,4
BRDA:76,25,0,694
BRDA:79,26,0,0
BRDA:81,27,0,701
BRDA:81,28,0,694
BRDA:85,29,0,690
BRDA:85,30,0,1039
BRDA:85,31,0,6
BRDA:87,32,0,688
BRDA:90,33,0,47
BRDA:96,34,0,4
BRDA:101,35,0,0
BRDA:105,36,0,0
BRDA:111,37,0,0
BRDA:117,38,0,3
BRDA:117,39,0,1
BRDA:122,40,0,0
BRF:41
BRH:36
end_of_record
TN:
SF:src/paths/assertWithinRootDir.ts
FN:5,isWithinRoot
FN:10,assertNormalizedPathWithinRoot
FN:26,assertWithinRootDir
FNF:3
FNH:3
FNDA:18,isWithinRoot
FNDA:15,assertNormalizedPathWithinRoot
FNDA:5,assertWithinRootDir
DA:1,1
DA:2,1
DA:3,1
DA:5,18
DA:6,18
DA:7,18
DA:8,18
DA:10,1
DA:11,15
DA:12,15
DA:13,15
DA:14,15
DA:15,15
DA:16,15
DA:17,15
DA:18,2
DA:19,2
DA:20,2
DA:21,2
DA:22,2
DA:23,2
DA:24,15
DA:26,1
DA:27,5
DA:28,5
DA:29,5
DA:30,5
DA:31,5
DA:33,5
DA:34,5
DA:35,5
DA:36,5
DA:37,5
DA:38,5
DA:39,0
DA:40,0
DA:42,5
DA:43,1
DA:44,1
DA:45,1
DA:46,1
DA:47,1
DA:48,1
DA:49,5
DA:50,3
DA:51,3
DA:52,3
DA:53,3
DA:54,3
DA:55,1
DA:56,1
DA:58,2
DA:59,2
DA:60,2
DA:61,2
DA:62,2
DA:63,2
DA:64,2
DA:65,2
DA:66,2
DA:67,2
DA:68,2
DA:69,2
DA:70,2
DA:71,0
DA:72,0
DA:73,5
LF:67
LH:63
BRDA:5,0,0,18
BRDA:7,1,0,15
BRDA:10,2,0,15
BRDA:17,3,0,2
BRDA:26,4,0,5
BRDA:38,5,0,0
BRDA:40,6,0,3
BRDA:42,7,0,1
BRDA:49,8,0,3
BRDA:54,9,0,1
BRDA:56,10,0,2
BRDA:66,11,0,1
BRDA:70,12,0,0
BRF:13
BRH:11
end_of_record
TN:
SF:src/paths/findDocRoot.ts
FN:6,findDocRoot
FNF:1
FNH:1
FNDA:72,findDocRoot
DA:1,1
DA:2,1
DA:4,1
DA:6,1
DA:7,72
DA:8,72
DA:9,71
DA:10,58
DA:11,13
DA:12,72
DA:13,1
DA:14,1
DA:16,72
DA:17,483
DA:18,483
DA:19,27
DA:20,27
DA:21,456
DA:22,483
DA:23,45
DA:24,45
DA:25,411
DA:26,411
DA:27,72
LF:24
LH:24
BRDA:6,0,0,72
BRDA:8,1,0,71
BRDA:9,2,0,58
BRDA:10,3,0,13
BRDA:12,4,0,1
BRDA:16,5,0,483
BRDA:18,6,0,481
BRDA:18,7,0,27
BRDA:20,8,0,456
BRDA:22,9,0,45
BRDA:24,10,0,411
BRF:11
BRH:11
end_of_record
TN:
SF:src/paths/resolveRenderInput.ts
FN:13,resolveRenderInput
FNF:1
FNH:1
FNDA:104,resolveRenderInput
DA:1,1
DA:2,1
DA:3,1
DA:4,1
DA:13,104
DA:14,104
DA:15,104
DA:16,104
DA:17,104
DA:18,47
DA:19,47
DA:20,47
DA:21,47
DA:22,47
DA:24,57
DA:26,57
DA:27,57
DA:28,57
DA:29,104
DA:30,1
DA:31,1
DA:32,1
DA:33,1
DA:34,1
DA:35,1
DA:36,1
DA:37,1
DA:38,1
DA:39,1
DA:40,1
DA:41,1
DA:42,0
DA:43,0
DA:44,0
DA:45,0
DA:46,0
DA:47,0
DA:48,1
DA:49,1
DA:50,1
DA:52,76
DA:53,1
DA:54,1
DA:55,1
DA:56,1
DA:57,1
DA:58,1
DA:60,55
DA:61,55
DA:62,55
DA:63,76
DA:64,0
DA:65,0
DA:66,0
DA:67,0
DA:68,0
DA:69,0
DA:70,0
DA:71,0
DA:72,0
DA:73,0
DA:75,55
DA:76,104
DA:78,104
DA:79,104
DA:80,104
DA:81,104
DA:82,104
DA:83,104
DA:84,104
LF:70
LH:54
BRDA:13,0,0,104
BRDA:17,1,0,99
BRDA:17,2,0,47
BRDA:20,3,0,46
BRDA:22,4,0,58
BRDA:22,5,0,57
BRDA:28,6,0,56
BRDA:29,7,0,76
BRDA:29,8,0,1
BRDA:41,9,0,0
BRDA:50,10,0,56
BRDA:52,11,0,1
BRDA:58,12,0,55
BRDA:63,13,0,0
BRDA:73,14,0,58
BRDA:73,15,0,55
BRDA:76,16,0,54
BRDA:76,17,0,43
BRF:18
BRH:16
end_of_record
TN:
SF:src/paths/resolveTemplatePath.ts
FN:14,resolveTemplatePath
FNF:1
FNH:1
FNDA:101,resolveTemplatePath
DA:1,1
DA:2,1
DA:3,1
DA:14,1
DA:15,101
DA:16,101
DA:17,101
DA:18,101
DA:20,101
DA:21,2
DA:22,2
DA:23,2
DA:24,2
DA:25,2
DA:26,2
DA:28,99
DA:30,101
DA:31,14
DA:32,11
DA:33,14
DA:34,2
DA:35,2
DA:36,2
DA:37,2
DA:38,2
DA:39,3
DA:40,1
DA:41,1
DA:42,0
DA:43,0
DA:44,0
DA:45,0
DA:46,0
DA:47,0
DA:48,14
DA:49,85
DA:50,10
DA:51,85
DA:52,85
DA:53,57
DA:54,80
DA:55,25
DA:56,28
DA:57,3
DA:58,3
DA:59,3
DA:60,3
DA:61,3
DA:62,3
DA:63,85
DA:64,0
DA:65,0
DA:66,0
DA:67,0
DA:68,0
DA:69,0
DA:70,0
DA:71,0
DA:72,0
DA:73,0
DA:75,101
DA:76,13
DA:77,13
DA:79,93
DA:80,93
LF:65
LH:49
BRDA:14,0,0,101
BRDA:20,1,0,2
BRDA:26,2,0,99
BRDA:30,3,0,14
BRDA:31,4,0,11
BRDA:33,5,0,3
BRDA:33,6,0,2
BRDA:39,7,0,1
BRDA:41,8,0,0
BRDA:48,9,0,85
BRDA:49,10,0,10
BRDA:52,11,0,80
BRDA:52,12,0,57
BRDA:54,13,0,28
BRDA:54,14,0,25
BRDA:56,15,0,3
BRDA:63,16,0,0
BRDA:73,17,0,96
BRDA:73,18,0,94
BRDA:75,19,0,73
BRDA:75,20,0,13
BRDA:77,21,0,93
BRF:22
BRH:20
end_of_record
TN:
SF:src/pipeline/applyFrontMatterOutputOption.ts
FN:1,applyFrontMatterOutputOption
FNF:1
FNH:1
FNDA:105,applyFrontMatterOutputOption
DA:1,1
DA:2,105
DA:3,105
DA:7,105
DA:8,105
DA:9,102
DA:10,102
DA:12,8
DA:13,0
DA:14,0
DA:16,3
DA:17,3
LF:12
LH:10
BRDA:1,0,0,105
BRDA:8,1,0,5
BRDA:8,2,0,102
BRDA:10,3,0,8
BRDA:10,4,0,3
BRDA:12,5,0,0
BRDA:14,6,0,3
BRF:7
BRH:6
end_of_record
TN:
SF:src/pipeline/executeHgBlocks.ts
FN:24,createIncludeMarker
FN:34,parseHgBlockDirective
FN:93,executeHgBlocks
FNF:3
FNH:3
FNDA:51,createIncludeMarker
FNDA:302,parseHgBlockDirective
FNDA:194,executeHgBlocks
DA:1,1
DA:4,1
DA:5,1
DA:6,1
DA:11,1
DA:15,1
DA:16,1
DA:17,1
DA:22,1
DA:24,1
DA:25,51
DA:26,51
DA:34,302
DA:35,302
DA:36,302
DA:41,302
DA:42,302
DA:44,302
DA:45,224
DA:46,224
DA:48,78
DA:49,78
DA:50,77
DA:51,302
DA:52,1
DA:53,1
DA:55,254
DA:56,1
DA:57,1
DA:58,1
DA:59,1
DA:60,1
DA:61,1
DA:63,76
DA:64,302
DA:65,0
DA:66,0
DA:67,0
DA:68,0
DA:69,0
DA:70,0
DA:72,150
DA:73,51
DA:74,51
DA:76,87
DA:77,19
DA:78,19
DA:82,302
DA:83,3
DA:84,3
DA:86,3
DA:87,3
DA:88,3
DA:89,3
DA:90,3
DA:91,3
DA:93,1
DA:94,194
DA:95,194
DA:96,194
DA:97,194
DA:99,194
DA:100,2
DA:101,2
DA:102,2
DA:103,2
DA:104,2
DA:105,2
DA:106,0
DA:107,2
DA:108,2
DA:109,2
DA:111,192
DA:112,193
DA:113,97
DA:114,97
DA:116,95
DA:117,95
DA:118,95
DA:119,95
DA:121,145
DA:122,302
DA:123,302
DA:124,4
DA:125,4
DA:127,302
DA:128,224
DA:129,224
DA:131,70
DA:132,70
DA:134,245
DA:135,19
DA:136,18
DA:137,18
DA:138,18
DA:139,18
DA:140,18
DA:141,18
DA:142,18
DA:143,18
DA:144,18
DA:145,18
DA:146,18
DA:147,18
DA:148,18
DA:149,18
DA:150,18
DA:151,18
DA:153,51
DA:154,51
DA:155,51
DA:156,51
DA:157,51
DA:159,90
DA:160,90
LF:115
LH:108
BRDA:24,0,0,51
BRDA:34,1,0,302
BRDA:44,2,0,301
BRDA:44,3,0,224
BRDA:46,4,0,84
BRDA:46,5,0,78
BRDA:49,6,0,77
BRDA:50,7,0,76
BRDA:51,8,0,254
BRDA:51,9,0,1
BRDA:53,10,0,77
BRDA:55,11,0,1
BRDA:61,12,0,150
BRDA:61,13,0,76
BRDA:64,14,0,51
BRDA:64,15,0,254
BRDA:64,16,0,0
BRDA:70,17,0,150
BRDA:70,18,0,76
BRDA:72,19,0,51
BRDA:74,20,0,128
BRDA:74,21,0,87
BRDA:74,22,0,25
BRDA:76,23,0,19
BRDA:78,24,0,19
BRDA:78,25,0,6
BRDA:82,26,0,5
BRDA:82,27,0,4
BRDA:82,28,0,3
BRDA:93,29,0,194
BRDA:99,30,0,2
BRDA:105,31,0,0
BRDA:109,32,0,193
BRDA:109,33,0,192
BRDA:112,34,0,97
BRDA:114,35,0,145
BRDA:114,36,0,95
BRDA:121,37,0,302
BRDA:123,38,0,4
BRDA:125,39,0,294
BRDA:127,40,0,224
BRDA:129,41,0,254
BRDA:129,42,0,245
BRDA:129,43,0,70
BRDA:134,44,0,19
BRDA:135,45,0,18
BRDA:142,46,0,0
BRDA:151,47,0,51
BRDA:157,48,0,90
BRF:49
BRH:46
end_of_record
TN:
SF:src/pipeline/joinRemovalSeam.ts
FN:2,countTrailingNewlines
FN:11,countLeadingNewlines
FN:24,joinRemovalSeam
FN:36,removalSeamNewlineDelta
FNF:4
FNH:4
FNDA:190,countTrailingNewlines
FNDA:190,countLeadingNewlines
FNDA:140,joinRemovalSeam
FNDA:50,removalSeamNewlineDelta
DA:2,1
DA:3,190
DA:4,190
DA:5,135
DA:6,135
DA:7,190
DA:8,190
DA:11,1
DA:12,190
DA:13,190
DA:14,241
DA:15,241
DA:16,190
DA:17,190
DA:24,1
DA:25,140
DA:26,140
DA:27,140
DA:28,140
DA:29,140
DA:30,140
DA:31,140
DA:33,140
DA:36,1
DA:37,50
DA:38,50
DA:39,50
DA:40,50
LF:28
LH:28
BRDA:2,0,0,190
BRDA:4,1,0,234
BRDA:4,2,0,135
BRDA:11,3,0,190
BRDA:13,4,0,402
BRDA:13,5,0,241
BRDA:24,6,0,140
BRDA:36,7,0,50
BRF:8
BRH:8
end_of_record
TN:
SF:src/pipeline/renderDocument.ts
FN:35,renderDocumentBody
FN:128,renderDocument
FN:171,renderChildDocument
FNF:3
FNH:3
FNDA:172,renderDocumentBody
FNDA:125,renderDocument
FNDA:32,renderChildDocument
DA:7,1
DA:8,1
DA:9,1
DA:10,1
DA:11,1
DA:12,1
DA:13,1
DA:14,1
DA:15,1
DA:16,1
DA:17,1
DA:18,1
DA:19,1
DA:35,172
DA:36,172
DA:37,172
DA:38,172
DA:39,172
DA:40,172
DA:41,172
DA:42,172
DA:43,172
DA:45,172
DA:46,172
DA:47,172
DA:48,172
DA:50,170
DA:51,172
DA:52,172
DA:53,172
DA:54,172
DA:56,172
DA:57,172
DA:58,172
DA:59,172
DA:60,172
DA:61,172
DA:62,172
DA:63,172
DA:64,172
DA:65,172
DA:66,172
DA:68,166
DA:70,166
DA:71,166
DA:72,166
DA:73,166
DA:74,166
DA:76,166
DA:77,172
DA:78,0
DA:79,0
DA:81,163
DA:82,172
DA:83,35
DA:84,35
DA:85,35
DA:86,35
DA:87,35
DA:88,35
DA:89,35
DA:90,35
DA:91,35
DA:92,35
DA:93,35
DA:94,35
DA:95,35
DA:96,35
DA:97,30
DA:99,158
DA:100,158
DA:101,158
DA:102,158
DA:103,158
DA:104,158
DA:105,158
DA:106,158
DA:107,158
DA:108,158
DA:109,158
DA:110,158
DA:112,156
DA:113,156
DA:114,156
DA:115,156
DA:116,156
DA:117,156
DA:118,156
DA:119,156
DA:120,156
DA:121,156
DA:122,156
DA:124,150
DA:125,150
DA:126,150
DA:128,125
DA:129,125
DA:130,125
DA:131,125
DA:132,125
DA:133,125
DA:134,125
DA:135,125
DA:136,125
DA:138,125
DA:139,125
DA:140,125
DA:141,125
DA:142,125
DA:144,125
DA:145,125
DA:146,125
DA:147,125
DA:148,125
DA:149,125
DA:150,125
DA:152,100
DA:153,100
DA:154,100
DA:155,100
DA:157,100
DA:158,100
DA:159,100
DA:160,100
DA:161,100
DA:171,32
DA:172,32
DA:173,32
DA:174,32
DA:175,32
DA:176,32
DA:177,32
DA:179,32
DA:180,32
DA:181,32
DA:182,32
DA:183,32
DA:184,32
LF:138
LH:136
BRDA:35,0,0,172
BRDA:41,1,0,4
BRDA:42,2,0,4
BRDA:43,3,0,4
BRDA:48,4,0,170
BRDA:51,5,0,0
BRDA:59,6,0,0
BRDA:65,7,0,152
BRDA:66,8,0,166
BRDA:77,9,0,35
BRDA:77,10,0,0
BRDA:79,11,0,163
BRDA:82,12,0,35
BRDA:82,13,0,35
BRDA:96,14,0,30
BRDA:97,15,0,166
BRDA:97,16,0,158
BRDA:110,17,0,156
BRDA:122,18,0,150
BRDA:128,19,0,125
BRDA:150,20,0,100
BRDA:171,21,0,32
BRF:22
BRH:19
end_of_record
TN:
SF:src/pipeline/stripHgComments.ts
FN:13,stripHgComments
FNF:1
FNH:1
FNDA:159,stripHgComments
DA:1,1
DA:2,1
DA:13,1
DA:14,159
DA:15,159
DA:16,159
DA:17,159
DA:18,4
DA:19,4
DA:21,155
DA:22,156
DA:23,152
DA:24,152
DA:26,3
DA:27,3
DA:29,3
DA:30,3
DA:31,3
DA:32,3
DA:33,3
DA:35,3
DA:36,3
DA:37,3
DA:39,3
DA:40,3
LF:25
LH:25
BRDA:13,0,0,159
BRDA:17,1,0,4
BRDA:19,2,0,156
BRDA:19,3,0,155
BRDA:22,4,0,152
BRDA:24,5,0,3
BRF:6
BRH:6
end_of_record
TN:
SF:src/security/forbiddenKeys.ts
FN:10,isForbiddenKey
FN:14,assertSafeMemberAccess
FNF:2
FNH:2
FNDA:290,isForbiddenKey
FNDA:283,assertSafeMemberAccess
DA:1,1
DA:3,1
DA:4,1
DA:5,1
DA:6,1
DA:7,1
DA:8,1
DA:10,1
DA:11,290
DA:12,290
DA:14,1
DA:15,283
DA:16,283
DA:17,283
DA:18,283
DA:19,6
DA:20,6
DA:21,6
DA:22,6
DA:23,6
DA:24,6
DA:25,283
LF:22
LH:22
BRDA:10,0,0,290
BRDA:14,1,0,283
BRDA:18,2,0,6
BRF:3
BRH:3
end_of_record
TN:
SF:src/security/scanSuspiciousContext.ts
FN:17,test
FN:21,test
FN:25,test
FN:29,test
FN:33,test
FN:37,reasonText
FN:41,scanValue
FN:90,scanSuspiciousContext
FNF:8
FNH:8
FNDA:143,test
FNDA:143,test
FNDA:143,test
FNDA:143,test
FNDA:143,test
FNDA:10,reasonText
FNDA:231,scanValue
FNDA:178,scanSuspiciousContext
DA:1,1
DA:2,1
DA:5,1
DA:14,1
DA:15,1
DA:16,1
DA:17,1
DA:18,1
DA:19,1
DA:20,1
DA:21,1
DA:22,1
DA:23,1
DA:24,1
DA:25,1
DA:26,1
DA:27,1
DA:28,1
DA:29,1
DA:30,1
DA:31,1
DA:32,1
DA:33,1
DA:34,1
DA:35,1
DA:37,10
DA:38,10
DA:39,10
DA:41,231
DA:42,231
DA:43,231
DA:44,231
DA:45,231
DA:46,231
DA:47,231
DA:48,143
DA:49,715
DA:50,10
DA:51,10
DA:52,10
DA:53,10
DA:54,10
DA:55,10
DA:56,10
DA:57,10
DA:58,10
DA:60,10
DA:61,715
DA:62,143
DA:63,143
DA:65,231
DA:66,2
DA:67,2
DA:69,200
DA:70,18
DA:71,42
DA:72,42
DA:73,18
DA:74,18
DA:76,173
DA:77,29
DA:78,29
DA:79,29
DA:80,52
DA:81,52
DA:82,52
DA:83,29
DA:84,231
DA:90,1
DA:91,178
DA:92,178
DA:93,178
DA:94,178
DA:95,178
DA:96,137
DA:97,137
DA:98,178
LF:77
LH:77
BRDA:17,0,0,143
BRDA:21,1,0,143
BRDA:25,2,0,143
BRDA:29,3,0,143
BRDA:33,4,0,143
BRDA:37,5,0,10
BRDA:38,6,0,0
BRDA:41,7,0,231
BRDA:47,8,0,143
BRDA:48,9,0,715
BRDA:49,10,0,10
BRDA:63,11,0,88
BRDA:65,12,0,200
BRDA:65,13,0,196
BRDA:65,14,0,2
BRDA:67,15,0,86
BRDA:69,16,0,18
BRDA:70,17,0,42
BRDA:74,18,0,173
BRDA:74,19,0,68
BRDA:76,20,0,29
BRDA:79,21,0,52
BRDA:80,22,0,0
BRDA:90,23,0,178
BRDA:95,24,0,137
BRF:25
BRH:23
end_of_record
TN:
SF:src/shims/fs-browser.ts
FN:1,(empty-report)
FNF:1
FNH:1
FNDA:1,(empty-report)
DA:2,0
DA:3,0
DA:4,0
DA:6,0
DA:7,0
DA:8,0
DA:10,0
DA:11,0
DA:12,0
DA:13,0
DA:14,0
LF:11
LH:0
BRDA:1,0,0,1
BRF:1
BRH:1
end_of_record
TN:
SF:src/shims/fs-promises-browser.ts
FN:1,(empty-report)
FNF:1
FNH:1
FNDA:1,(empty-report)
DA:2,0
DA:3,0
DA:4,0
DA:6,0
DA:7,0
DA:8,0
DA:10,0
DA:11,0
DA:12,0
DA:14,0
DA:15,0
DA:16,0
LF:12
LH:0
BRDA:1,0,0,1
BRF:1
BRH:1
end_of_record
